[2026-05-30 20:38:29.799] NUEVO CONFLICTO detectado entre 2375 y FBZ5480 - Estado: VIOLATION
[2026-05-30 20:38:56.452] RESOLVIDO: Conflicto entre 2375 y FBZ5480 finalizado (Separación segura restablecida)
[2026-05-30 20:38:57.863] NUEVO CONFLICTO detectado entre 2375 y FBZ5480 - Estado: VIOLATION
[2026-05-30 20:39:12.381] RESOLVIDO: Conflicto entre 2375 y FBZ5480 finalizado (Separación segura restablecida)
[2026-05-30 20:39:13.647] NUEVO CONFLICTO detectado entre 2375 y FBZ5480 - Estado: VIOLATION
[2026-05-30 20:39:24.184] RESOLVIDO: Conflicto entre 2375 y FBZ5480 finalizado (Separación segura restablecida)
[2026-05-30 20:39:25.458] NUEVO CONFLICTO detectado entre 2375 y FBZ5480 - Estado: VIOLATION
[2026-05-30 20:39:55.488] RESOLVIDO: Conflicto entre 2375 y FBZ5480 finalizado (Separación segura restablecida)
[2026-05-30 20:50:18.249] NUEVO CONFLICTO detectado entre 2375 y FBZ5480 - Estado: VIOLATION
[2026-05-30 20:50:52.017] RESOLVIDO: Conflicto entre 2375 y FBZ5480 finalizado (Separación segura restablecida)
[2026-05-30 20:50:53.475] NUEVO CONFLICTO detectado entre 2375 y FBZ5480 - Estado: VIOLATION
[2026-05-30 20:51:10.258] RESOLVIDO: Conflicto entre 2375 y FBZ5480 finalizado (Separación segura restablecida)
[2026-05-30 20:51:11.752] NUEVO CONFLICTO detectado entre 2375 y FBZ5480 - Estado: VIOLATION
[2026-05-30 20:51:28.473] RESOLVIDO: Conflicto entre 2375 y FBZ5480 finalizado (Separación segura restablecida)
[2026-05-30 20:51:29.652] NUEVO CONFLICTO detectado entre 2375 y FBZ5480 - Estado: VIOLATION
[2026-05-30 20:51:46.101] RESOLVIDO: Conflicto entre 2375 y FBZ5480 finalizado (Separación segura restablecida)
[2026-05-30 20:51:47.303] NUEVO CONFLICTO detectado entre 2375 y FBZ5480 - Estado: VIOLATION
[2026-05-30 20:52:24.698] RESOLVIDO: Conflicto entre 2375 y FBZ5480 finalizado (Separación segura restablecida)
[2026-05-30 20:52:26.269] NUEVO CONFLICTO detectado entre 2375 y FBZ5480 - Estado: VIOLATION
[2026-05-30 20:53:11.349] RESOLVIDO: Conflicto entre 2375 y FBZ5480 finalizado (Separación segura restablecida)
[2026-05-30 20:53:13.230] NUEVO CONFLICTO detectado entre 2375 y FBZ5480 - Estado: VIOLATION
[2026-05-30 20:53:33.910] RESOLVIDO: Conflicto entre 2375 y FBZ5480 finalizado (Separación segura restablecida)
[2026-05-30 20:53:35.641] NUEVO CONFLICTO detectado entre 2375 y FBZ5480 - Estado: VIOLATION
[2026-05-30 20:54:43.845] RESOLVIDO: Conflicto entre 2375 y FBZ5480 finalizado (Separación segura restablecida)
[2026-05-30 20:54:45.450] NUEVO CONFLICTO detectado entre 2375 y FBZ5480 - Estado: VIOLATION
[2026-05-30 20:55:06.790] RESOLVIDO: Conflicto entre 2375 y FBZ5480 finalizado (Separación segura restablecida)
[2026-05-30 20:55:08.717] NUEVO CONFLICTO detectado entre 2375 y FBZ5480 - Estado: VIOLATION
[2026-05-30 20:56:17.994] RESOLVIDO: Conflicto entre 2375 y FBZ5480 finalizado (Separación segura restablecida)
[2026-05-30 21:05:09.591] NUEVO CONFLICTO detectado entre 2375_226/232 y FBZ5480 - Estado: VIOLATION
[2026-05-30 21:05:44.158] RESOLVIDO: Conflicto entre 2375_226/232 y FBZ5480 finalizado (Separación segura restablecida)
[2026-05-30 21:05:46.061] NUEVO CONFLICTO detectado entre 2375_226/232 y FBZ5480 - Estado: VIOLATION
[2026-05-30 21:06:07.840] RESOLVIDO: Conflicto entre 2375_226/232 y FBZ5480 finalizado (Separación segura restablecida)
[2026-05-30 21:06:10.249] NUEVO CONFLICTO detectado entre 2375_226/232 y FBZ5480 - Estado: VIOLATION
[2026-05-30 21:06:27.837] RESOLVIDO: Conflicto entre 2375_226/232 y FBZ5480 finalizado (Separación segura restablecida)
[2026-05-30 21:06:28.761] NUEVO CONFLICTO detectado entre 2375_226/232 y FBZ5480 - Estado: VIOLATION
[2026-05-30 21:06:36.641] RESOLVIDO: Conflicto entre 2375_226/232 y FBZ5480 finalizado (Separación segura restablecida)
[2026-05-30 21:06:37.227] NUEVO CONFLICTO detectado entre 2375_226/232 y FBZ5480 - Estado: VIOLATION
[2026-05-30 21:07:46.495] RESOLVIDO: Conflicto entre 2375_226/232 y FBZ5480 finalizado (Separación segura restablecida)
[2026-05-30 21:08:50.298] NUEVO CONFLICTO detectado entre 3321_226/212 y 2013_226/212 - Estado: PREDICTION (CPA estimado en 120s)
[2026-05-30 21:08:50.377] RESOLVIDO: Conflicto entre 2013_226/212 y 3321_226/212 finalizado (Separación segura restablecida)
[2026-05-30 21:39:32.868] NUEVO CONFLICTO detectado entre TRK_1346_226/2 y TRK_1394_226/2 - Estado: VIOLATION
[2026-05-30 21:40:10.596] RESOLVIDO: Conflicto entre TRK_1346_226/2 y TRK_1394_226/2 finalizado (Separación segura restablecida)
[2026-05-30 21:42:21.655] NUEVO CONFLICTO detectado entre TRK_1415_226/2 y TRK_1421_226/2 - Estado: VIOLATION
[2026-05-31 12:48:51.278] NUEVO CONFLICTO detectado entre 2351_226/214 y ARG1491 - Estado: VIOLATION
[2026-05-31 12:48:57.197] RESOLVIDO: Conflicto entre 2351_226/214 y ARG1491 finalizado (Separación segura restablecida)
[2026-05-31 12:49:02.506] NUEVO CONFLICTO detectado entre 2351_226/214 y ARG1491 - Estado: VIOLATION
[2026-05-31 12:49:08.622] RESOLVIDO: Conflicto entre 2351_226/214 y ARG1491 finalizado (Separación segura restablecida)
[2026-05-31 12:49:13.700] NUEVO CONFLICTO detectado entre 2351_226/214 y ARG1491 - Estado: VIOLATION
[2026-05-31 12:49:19.387] RESOLVIDO: Conflicto entre 2351_226/214 y ARG1491 finalizado (Separación segura restablecida)
[2026-05-31 12:49:24.699] NUEVO CONFLICTO detectado entre 2351_226/214 y ARG1491 - Estado: VIOLATION
[2026-05-31 12:49:30.887] RESOLVIDO: Conflicto entre 2351_226/214 y ARG1491 finalizado (Separación segura restablecida)
[2026-05-31 12:49:36.850] NUEVO CONFLICTO detectado entre 2351_226/214 y ARG1491 - Estado: VIOLATION
[2026-05-31 12:49:43.789] RESOLVIDO: Conflicto entre 2351_226/214 y ARG1491 finalizado (Separación segura restablecida)
[2026-05-31 12:49:49.762] NUEVO CONFLICTO detectado entre 2351_226/214 y ARG1491 - Estado: VIOLATION
[2026-05-31 12:49:56.944] RESOLVIDO: Conflicto entre 2351_226/214 y ARG1491 finalizado (Separación segura restablecida)
[2026-05-31 12:50:03.581] NUEVO CONFLICTO detectado entre 2351_226/214 y ARG1491 - Estado: VIOLATION
[2026-05-31 12:50:10.618] RESOLVIDO: Conflicto entre 2351_226/214 y ARG1491 finalizado (Separación segura restablecida)
[2026-05-31 12:50:16.833] NUEVO CONFLICTO detectado entre 2351_226/214 y ARG1491 - Estado: VIOLATION
[2026-05-31 12:50:23.901] RESOLVIDO: Conflicto entre 2351_226/214 y ARG1491 finalizado (Separación segura restablecida)
[2026-05-31 12:50:30.298] NUEVO CONFLICTO detectado entre 2351_226/214 y ARG1491 - Estado: VIOLATION
[2026-05-31 12:50:37.365] RESOLVIDO: Conflicto entre 2351_226/214 y ARG1491 finalizado (Separación segura restablecida)
[2026-05-31 12:50:43.743] NUEVO CONFLICTO detectado entre 2351_226/214 y ARG1491 - Estado: VIOLATION
[2026-05-31 12:50:51.539] RESOLVIDO: Conflicto entre 2351_226/214 y ARG1491 finalizado (Separación segura restablecida)
[2026-05-31 12:50:58.902] NUEVO CONFLICTO detectado entre 2351_226/214 y ARG1491 - Estado: VIOLATION
[2026-05-31 12:51:06.886] RESOLVIDO: Conflicto entre 2351_226/214 y ARG1491 finalizado (Separación segura restablecida)
[2026-05-31 12:51:14.554] NUEVO CONFLICTO detectado entre 2351_226/214 y ARG1491 - Estado: VIOLATION
[2026-05-31 12:51:23.431] RESOLVIDO: Conflicto entre 2351_226/214 y ARG1491 finalizado (Separación segura restablecida)
[2026-05-31 12:51:32.062] NUEVO CONFLICTO detectado entre 2351_226/214 y ARG1491 - Estado: VIOLATION
[2026-05-31 12:51:40.948] RESOLVIDO: Conflicto entre 2351_226/214 y ARG1491 finalizado (Separación segura restablecida)
[2026-05-31 12:51:48.434] NUEVO CONFLICTO detectado entre 2351_226/214 y ARG1491 - Estado: VIOLATION
[2026-05-31 12:51:56.556] RESOLVIDO: Conflicto entre 2351_226/214 y ARG1491 finalizado (Separación segura restablecida)
[2026-05-31 12:52:04.000] NUEVO CONFLICTO detectado entre 2351_226/214 y ARG1491 - Estado: VIOLATION
[2026-05-31 12:52:15.066] RESOLVIDO: Conflicto entre 2351_226/214 y ARG1491 finalizado (Separación segura restablecida)
[2026-05-31 12:52:22.968] NUEVO CONFLICTO detectado entre 2351_226/214 y ARG1491 - Estado: VIOLATION
[2026-05-31 12:52:33.123] RESOLVIDO: Conflicto entre 2351_226/214 y ARG1491 finalizado (Separación segura restablecida)
[2026-05-31 12:52:42.215] NUEVO CONFLICTO detectado entre 2351_226/214 y ARG1491 - Estado: VIOLATION
[2026-05-31 12:52:51.403] RESOLVIDO: Conflicto entre 2351_226/214 y ARG1491 finalizado (Separación segura restablecida)
[2026-05-31 12:52:54.848] NUEVO CONFLICTO detectado entre 2351_226/214 y ARG1491 - Estado: VIOLATION
[2026-05-31 12:53:08.432] RESOLVIDO: Conflicto entre 2351_226/214 y ARG1491 finalizado (Separación segura restablecida)
[2026-05-31 12:53:10.001] NUEVO CONFLICTO detectado entre 2351_226/214 y ARG1491 - Estado: PREDICTION (CPA estimado en 0s)
[2026-05-31 12:53:11.710] ESCALACIÓN: Conflicto entre 2351_226/214 y ARG1491 evolucionó de PREDICCIÓN a VIOLACIÓN DE SEPARACIÓN
[2026-05-31 12:53:25.705] RESOLVIDO: Conflicto entre 2351_226/214 y ARG1491 finalizado (Separación segura restablecida)
[2026-05-31 12:53:29.352] NUEVO CONFLICTO detectado entre 2351_226/214 y ARG1491 - Estado: VIOLATION
[2026-05-31 12:53:46.358] RESOLVIDO: Conflicto entre 2351_226/214 y ARG1491 finalizado (Separación segura restablecida)
[2026-05-31 12:53:48.218] NUEVO CONFLICTO detectado entre 2351_226/214 y ARG1491 - Estado: PREDICTION (CPA estimado en 1s)
[2026-05-31 12:53:50.419] ESCALACIÓN: Conflicto entre 2351_226/214 y ARG1491 evolucionó de PREDICCIÓN a VIOLACIÓN DE SEPARACIÓN
[2026-05-31 12:54:07.562] RESOLVIDO: Conflicto entre 2351_226/214 y ARG1491 finalizado (Separación segura restablecida)
[2026-05-31 12:54:11.553] NUEVO CONFLICTO detectado entre 2351_226/214 y ARG1491 - Estado: VIOLATION
[2026-05-31 12:54:29.580] RESOLVIDO: Conflicto entre 2351_226/214 y ARG1491 finalizado (Separación segura restablecida)
[2026-05-31 12:54:31.056] NUEVO CONFLICTO detectado entre 2351_226/214 y ARG1491 - Estado: PREDICTION (CPA estimado en 0s)
[2026-05-31 12:54:39.928] ESCALACIÓN: Conflicto entre 2351_226/214 y ARG1491 evolucionó de PREDICCIÓN a VIOLACIÓN DE SEPARACIÓN
[2026-05-31 12:54:51.605] RESOLVIDO: Conflicto entre 2351_226/214 y ARG1491 finalizado (Separación segura restablecida)
[2026-05-31 12:55:02.117] NUEVO CONFLICTO detectado entre 2351_226/214 y ARG1491 - Estado: VIOLATION
[2026-05-31 12:55:13.393] RESOLVIDO: Conflicto entre 2351_226/214 y ARG1491 finalizado (Separación segura restablecida)
[2026-05-31 12:55:24.454] NUEVO CONFLICTO detectado entre 2351_226/214 y ARG1491 - Estado: VIOLATION
[2026-05-31 12:55:35.352] RESOLVIDO: Conflicto entre 2351_226/214 y ARG1491 finalizado (Separación segura restablecida)
[2026-05-31 12:55:45.413] NUEVO CONFLICTO detectado entre 2351_226/214 y ARG1491 - Estado: VIOLATION
[2026-05-31 12:55:57.806] RESOLVIDO: Conflicto entre 2351_226/214 y ARG1491 finalizado (Separación segura restablecida)
[2026-05-31 12:56:07.418] NUEVO CONFLICTO detectado entre 2351_226/214 y ARG1491 - Estado: VIOLATION
[2026-05-31 12:56:17.412] RESOLVIDO: Conflicto entre 2351_226/214 y ARG1491 finalizado (Separación segura restablecida)
[2026-05-31 12:56:36.707] NUEVO CONFLICTO detectado entre 1665_226/214 y 1665_226/211 - Estado: VIOLATION
[2026-05-31 12:56:43.587] RESOLVIDO: Conflicto entre 1665_226/211 y 1665_226/214 finalizado (Separación segura restablecida)
[2026-05-31 12:56:49.995] NUEVO CONFLICTO detectado entre 1672_226/210 y 1672_226/232 - Estado: VIOLATION
[2026-05-31 12:56:58.251] NUEVO CONFLICTO detectado entre JES3073 y ARG1420 - Estado: VIOLATION
[2026-05-31 12:56:59.517] RESOLVIDO: Conflicto entre ARG1420 y JES3073 finalizado (Separación segura restablecida)
[2026-05-31 12:56:59.827] NUEVO CONFLICTO detectado entre JES3073 y ARG1420 - Estado: VIOLATION
[2026-05-31 12:57:10.792] RESOLVIDO: Conflicto entre 1672_226/210 y 1672_226/232 finalizado (Separación segura restablecida)
[2026-05-31 12:58:02.310] RESOLVIDO: Conflicto entre ARG1420 y JES3073 finalizado (Separación segura restablecida)
[2026-05-31 12:58:02.313] NUEVO CONFLICTO detectado entre JES3073 y ARG1420 - Estado: VIOLATION
[2026-05-31 12:58:03.560] RESOLVIDO: Conflicto entre ARG1420 y JES3073 finalizado (Separación segura restablecida)
[2026-05-31 12:58:03.562] NUEVO CONFLICTO detectado entre JES3073 y ARG1420 - Estado: VIOLATION
[2026-05-31 12:58:03.821] RESOLVIDO: Conflicto entre ARG1420 y JES3073 finalizado (Separación segura restablecida)
[2026-05-31 15:44:40.462] NUEVO CONFLICTO detectado entre 2375_226/232 y FBZ5480 - Estado: VIOLATION
[2026-05-31 15:45:14.217] RESOLVIDO: Conflicto entre 2375_226/232 y FBZ5480 finalizado (Separación segura restablecida)
[2026-05-31 15:45:15.541] NUEVO CONFLICTO detectado entre 2375_226/232 y FBZ5480 - Estado: VIOLATION
[2026-05-31 16:32:38.740] NUEVO CONFLICTO detectado entre ARG1505 y 2352_226/211 - Estado: VIOLATION
[2026-05-31 16:33:12.879] RESOLVIDO: Conflicto entre 2352_226/211 y ARG1505 finalizado (Separación segura restablecida)
[2026-05-31 16:50:19.381] NUEVO CONFLICTO detectado entre 2375_226/232 y FBZ5480 - Estado: VIOLATION
[2026-05-31 16:50:46.785] RESOLVIDO: Conflicto entre 2375_226/232 y FBZ5480 finalizado (Separación segura restablecida)
[2026-05-31 16:50:48.008] NUEVO CONFLICTO detectado entre 2375_226/232 y FBZ5480 - Estado: VIOLATION
[2026-05-31 16:51:02.928] RESOLVIDO: Conflicto entre 2375_226/232 y FBZ5480 finalizado (Separación segura restablecida)
[2026-05-31 16:51:04.116] NUEVO CONFLICTO detectado entre 2375_226/232 y FBZ5480 - Estado: VIOLATION
[2026-05-31 16:51:19.922] RESOLVIDO: Conflicto entre 2375_226/232 y FBZ5480 finalizado (Separación segura restablecida)
[2026-05-31 16:51:21.211] NUEVO CONFLICTO detectado entre 2375_226/232 y FBZ5480 - Estado: VIOLATION
[2026-05-31 16:51:35.893] RESOLVIDO: Conflicto entre 2375_226/232 y FBZ5480 finalizado (Separación segura restablecida)
[2026-05-31 16:51:37.043] NUEVO CONFLICTO detectado entre 2375_226/232 y FBZ5480 - Estado: VIOLATION
[2026-05-31 16:52:09.382] RESOLVIDO: Conflicto entre 2375_226/232 y FBZ5480 finalizado (Separación segura restablecida)
[2026-05-31 16:52:10.265] NUEVO CONFLICTO detectado entre 2375_226/232 y FBZ5480 - Estado: VIOLATION
[2026-05-31 16:52:36.735] RESOLVIDO: Conflicto entre 2375_226/232 y FBZ5480 finalizado (Separación segura restablecida)
[2026-05-31 16:52:37.710] NUEVO CONFLICTO detectado entre 2375_226/232 y FBZ5480 - Estado: VIOLATION
[2026-05-31 16:52:50.792] RESOLVIDO: Conflicto entre 2375_226/232 y FBZ5480 finalizado (Separación segura restablecida)
[2026-05-31 16:52:51.867] NUEVO CONFLICTO detectado entre 2375_226/232 y FBZ5480 - Estado: VIOLATION
[2026-05-31 16:53:35.127] RESOLVIDO: Conflicto entre 2375_226/232 y FBZ5480 finalizado (Separación segura restablecida)
[2026-05-31 16:53:36.263] NUEVO CONFLICTO detectado entre 2375_226/232 y FBZ5480 - Estado: VIOLATION
[2026-05-31 16:53:50.203] RESOLVIDO: Conflicto entre 2375_226/232 y FBZ5480 finalizado (Separación segura restablecida)
[2026-05-31 16:53:51.145] NUEVO CONFLICTO detectado entre 2375_226/232 y FBZ5480 - Estado: VIOLATION
[2026-05-31 16:54:05.514] RESOLVIDO: Conflicto entre 2375_226/232 y FBZ5480 finalizado (Separación segura restablecida)
[2026-05-31 16:54:06.700] NUEVO CONFLICTO detectado entre 2375_226/232 y FBZ5480 - Estado: VIOLATION
[2026-05-31 16:54:36.475] RESOLVIDO: Conflicto entre 2375_226/232 y FBZ5480 finalizado (Separación segura restablecida)
[2026-05-31 16:54:37.604] NUEVO CONFLICTO detectado entre 2375_226/232 y FBZ5480 - Estado: VIOLATION
[2026-05-31 16:54:52.953] RESOLVIDO: Conflicto entre 2375_226/232 y FBZ5480 finalizado (Separación segura restablecida)
[2026-05-31 16:54:53.274] NUEVO CONFLICTO detectado entre 2375_226/232 y FBZ5480 - Estado: VIOLATION
[2026-05-31 16:55:23.192] RESOLVIDO: Conflicto entre 2375_226/232 y FBZ5480 finalizado (Separación segura restablecida)
[2026-05-31 16:55:24.207] NUEVO CONFLICTO detectado entre 2375_226/232 y FBZ5480 - Estado: VIOLATION
[2026-05-31 16:55:38.682] RESOLVIDO: Conflicto entre 2375_226/232 y FBZ5480 finalizado (Separación segura restablecida)
[2026-05-31 16:55:39.756] NUEVO CONFLICTO detectado entre 2375_226/232 y FBZ5480 - Estado: VIOLATION
[2026-05-31 16:56:25.713] RESOLVIDO: Conflicto entre 2375_226/232 y FBZ5480 finalizado (Separación segura restablecida)
[2026-05-31 16:56:26.668] NUEVO CONFLICTO detectado entre 2375_226/232 y FBZ5480 - Estado: VIOLATION
[2026-05-31 16:56:41.179] RESOLVIDO: Conflicto entre 2375_226/232 y FBZ5480 finalizado (Separación segura restablecida)
[2026-05-31 16:56:42.284] NUEVO CONFLICTO detectado entre 2375_226/232 y FBZ5480 - Estado: VIOLATION
[2026-05-31 16:56:57.265] RESOLVIDO: Conflicto entre 2375_226/232 y FBZ5480 finalizado (Separación segura restablecida)
[2026-05-31 16:56:58.208] NUEVO CONFLICTO detectado entre 2375_226/232 y FBZ5480 - Estado: VIOLATION
[2026-05-31 17:11:47.301] NUEVO CONFLICTO detectado entre 2375_226/232 y FBZ5480 - Estado: VIOLATION
[2026-05-31 17:12:18.785] RESOLVIDO: Conflicto entre 2375_226/232 y FBZ5480 finalizado (Separación segura restablecida)
[2026-05-31 17:12:20.148] NUEVO CONFLICTO detectado entre 2375_226/232 y FBZ5480 - Estado: VIOLATION
[2026-05-31 17:12:36.085] RESOLVIDO: Conflicto entre 2375_226/232 y FBZ5480 finalizado (Separación segura restablecida)
[2026-05-31 17:12:37.332] NUEVO CONFLICTO detectado entre 2375_226/232 y FBZ5480 - Estado: VIOLATION
[2026-05-31 17:12:53.229] RESOLVIDO: Conflicto entre 2375_226/232 y FBZ5480 finalizado (Separación segura restablecida)
[2026-05-31 17:12:54.499] NUEVO CONFLICTO detectado entre 2375_226/232 y FBZ5480 - Estado: VIOLATION
[2026-05-31 17:13:10.857] RESOLVIDO: Conflicto entre 2375_226/232 y FBZ5480 finalizado (Separación segura restablecida)
[2026-05-31 17:13:12.224] NUEVO CONFLICTO detectado entre 2375_226/232 y FBZ5480 - Estado: VIOLATION
[2026-05-31 17:13:43.897] RESOLVIDO: Conflicto entre 2375_226/232 y FBZ5480 finalizado (Separación segura restablecida)
[2026-05-31 17:13:45.183] NUEVO CONFLICTO detectado entre 2375_226/232 y FBZ5480 - Estado: VIOLATION
[2026-05-31 17:14:19.927] RESOLVIDO: Conflicto entre 2375_226/232 y FBZ5480 finalizado (Separación segura restablecida)
[2026-05-31 17:14:21.175] NUEVO CONFLICTO detectado entre 2375_226/232 y FBZ5480 - Estado: VIOLATION
[2026-05-31 17:14:36.973] RESOLVIDO: Conflicto entre 2375_226/232 y FBZ5480 finalizado (Separación segura restablecida)
[2026-05-31 17:14:38.375] NUEVO CONFLICTO detectado entre 2375_226/232 y FBZ5480 - Estado: VIOLATION
[2026-05-31 17:15:31.250] RESOLVIDO: Conflicto entre 2375_226/232 y FBZ5480 finalizado (Separación segura restablecida)
[2026-05-31 17:15:32.496] NUEVO CONFLICTO detectado entre 2375_226/232 y FBZ5480 - Estado: VIOLATION
[2026-05-31 17:15:49.997] RESOLVIDO: Conflicto entre 2375_226/232 y FBZ5480 finalizado (Separación segura restablecida)
[2026-05-31 17:15:51.254] NUEVO CONFLICTO detectado entre 2375_226/232 y FBZ5480 - Estado: VIOLATION
[2026-05-31 17:16:09.700] RESOLVIDO: Conflicto entre 2375_226/232 y FBZ5480 finalizado (Separación segura restablecida)
[2026-05-31 17:16:11.032] NUEVO CONFLICTO detectado entre 2375_226/232 y FBZ5480 - Estado: VIOLATION
[2026-05-31 17:17:20.087] RESOLVIDO: Conflicto entre 2375_226/232 y E0B147 finalizado (Separación segura restablecida)
[2026-05-31 21:01:07.332] NUEVO CONFLICTO detectado entre 2351_226/214 y ARG1491 - Estado: VIOLATION
[2026-05-31 21:01:15.312] RESOLVIDO: Conflicto entre 2351_226/214 y ARG1491 finalizado (Separación segura restablecida)
[2026-05-31 21:01:23.569] NUEVO CONFLICTO detectado entre 2351_226/214 y ARG1491 - Estado: VIOLATION
[2026-05-31 21:01:32.065] RESOLVIDO: Conflicto entre 2351_226/214 y ARG1491 finalizado (Separación segura restablecida)
[2026-05-31 21:01:34.754] NUEVO CONFLICTO detectado entre 2351_226/214 y ARG1491 - Estado: PREDICTION (CPA estimado en 0s)
[2026-05-31 21:01:40.625] ESCALACIÓN: Conflicto entre 2351_226/214 y ARG1491 evolucionó de PREDICCIÓN a VIOLACIÓN DE SEPARACIÓN
[2026-05-31 21:01:50.206] RESOLVIDO: Conflicto entre 2351_226/214 y ARG1491 finalizado (Separación segura restablecida)
[2026-05-31 21:01:59.689] NUEVO CONFLICTO detectado entre 2351_226/214 y ARG1491 - Estado: VIOLATION
[2026-05-31 21:02:09.464] RESOLVIDO: Conflicto entre 2351_226/214 y ARG1491 finalizado (Separación segura restablecida)
[2026-05-31 21:02:13.058] NUEVO CONFLICTO detectado entre 2351_226/214 y ARG1491 - Estado: PREDICTION (CPA estimado en 0s)
[2026-05-31 21:02:16.866] RESOLVIDO: Conflicto entre 2351_226/214 y ARG1491 finalizado (Separación segura restablecida)
[2026-05-31 21:02:18.879] NUEVO CONFLICTO detectado entre 2351_226/214 y ARG1491 - Estado: VIOLATION
[2026-05-31 21:02:29.092] RESOLVIDO: Conflicto entre 2351_226/214 y ARG1491 finalizado (Separación segura restablecida)
[2026-05-31 21:02:32.617] NUEVO CONFLICTO detectado entre 2351_226/214 y ARG1491 - Estado: PREDICTION (CPA estimado en 0s)
[2026-05-31 21:02:38.613] ESCALACIÓN: Conflicto entre 2351_226/214 y ARG1491 evolucionó de PREDICCIÓN a VIOLACIÓN DE SEPARACIÓN
[2026-05-31 21:02:49.005] RESOLVIDO: Conflicto entre 2351_226/214 y ARG1491 finalizado (Separación segura restablecida)
[2026-05-31 21:02:59.935] NUEVO CONFLICTO detectado entre 2351_226/214 y ARG1491 - Estado: VIOLATION
[2026-05-31 21:03:10.870] RESOLVIDO: Conflicto entre 2351_226/214 y ARG1491 finalizado (Separación segura restablecida)
[2026-05-31 21:03:13.482] NUEVO CONFLICTO detectado entre 2351_226/214 y ARG1491 - Estado: PREDICTION (CPA estimado en 1s)
[2026-05-31 21:03:16.992] ESCALACIÓN: Conflicto entre 2351_226/214 y ARG1491 evolucionó de PREDICCIÓN a VIOLACIÓN DE SEPARACIÓN
[2026-05-31 21:03:23.459] RESOLVIDO: Conflicto entre 2351_226/214 y ARG1491 finalizado (Separación segura restablecida)
[2026-05-31 21:03:29.837] NUEVO CONFLICTO detectado entre 2351_226/214 y ARG1491 - Estado: VIOLATION
[2026-05-31 21:03:36.795] RESOLVIDO: Conflicto entre 2351_226/214 y ARG1491 finalizado (Separación segura restablecida)
[2026-05-31 21:03:39.072] NUEVO CONFLICTO detectado entre 2351_226/214 y ARG1491 - Estado: PREDICTION (CPA estimado en 1s)
[2026-05-31 21:03:43.023] ESCALACIÓN: Conflicto entre 2351_226/214 y ARG1491 evolucionó de PREDICCIÓN a VIOLACIÓN DE SEPARACIÓN
[2026-05-31 21:03:51.218] RESOLVIDO: Conflicto entre 2351_226/214 y ARG1491 finalizado (Separación segura restablecida)
[2026-05-31 21:03:52.638] NUEVO CONFLICTO detectado entre 2351_226/214 y ARG1491 - Estado: PREDICTION (CPA estimado en 0s)
[2026-05-31 21:03:57.703] ESCALACIÓN: Conflicto entre 2351_226/214 y ARG1491 evolucionó de PREDICCIÓN a VIOLACIÓN DE SEPARACIÓN
[2026-05-31 21:04:05.153] RESOLVIDO: Conflicto entre 2351_226/214 y ARG1491 finalizado (Separación segura restablecida)
[2026-05-31 21:04:07.014] NUEVO CONFLICTO detectado entre 2351_226/214 y ARG1491 - Estado: PREDICTION (CPA estimado en 0s)
[2026-05-31 21:04:12.334] ESCALACIÓN: Conflicto entre 2351_226/214 y ARG1491 evolucionó de PREDICCIÓN a VIOLACIÓN DE SEPARACIÓN
[2026-05-31 21:04:21.529] RESOLVIDO: Conflicto entre 2351_226/214 y ARG1491 finalizado (Separación segura restablecida)
[2026-05-31 21:04:22.855] NUEVO CONFLICTO detectado entre 2351_226/214 y ARG1491 - Estado: PREDICTION (CPA estimado en 0s)
[2026-05-31 21:04:23.344] RESOLVIDO: Conflicto entre 2351_226/214 y ARG1491 finalizado (Separación segura restablecida)
[2026-05-31 21:04:28.747] NUEVO CONFLICTO detectado entre 2351_226/214 y ARG1491 - Estado: VIOLATION
[2026-05-31 21:04:36.364] RESOLVIDO: Conflicto entre 2351_226/214 y ARG1491 finalizado (Separación segura restablecida)
[2026-05-31 21:04:38.526] NUEVO CONFLICTO detectado entre 2351_226/214 y ARG1491 - Estado: PREDICTION (CPA estimado en 1s)
[2026-05-31 21:04:43.892] ESCALACIÓN: Conflicto entre 2351_226/214 y ARG1491 evolucionó de PREDICCIÓN a VIOLACIÓN DE SEPARACIÓN
[2026-05-31 21:04:54.207] RESOLVIDO: Conflicto entre 2351_226/214 y ARG1491 finalizado (Separación segura restablecida)
[2026-05-31 21:04:55.852] NUEVO CONFLICTO detectado entre 2351_226/214 y ARG1491 - Estado: PREDICTION (CPA estimado en 0s)
[2026-05-31 21:05:02.954] ESCALACIÓN: Conflicto entre 2351_226/214 y ARG1491 evolucionó de PREDICCIÓN a VIOLACIÓN DE SEPARACIÓN
[2026-05-31 21:05:11.755] RESOLVIDO: Conflicto entre 2351_226/214 y ARG1491 finalizado (Separación segura restablecida)
[2026-05-31 21:05:20.285] NUEVO CONFLICTO detectado entre 2351_226/214 y ARG1491 - Estado: VIOLATION
[2026-05-31 21:05:28.813] RESOLVIDO: Conflicto entre 2351_226/214 y ARG1491 finalizado (Separación segura restablecida)
[2026-05-31 21:05:36.544] NUEVO CONFLICTO detectado entre 2351_226/214 y ARG1491 - Estado: VIOLATION
[2026-05-31 21:05:44.931] RESOLVIDO: Conflicto entre 2351_226/214 y ARG1491 finalizado (Separación segura restablecida)
[2026-05-31 21:05:48.594] NUEVO CONFLICTO detectado entre 2351_226/214 y ARG1491 - Estado: VIOLATION
[2026-05-31 21:06:02.490] RESOLVIDO: Conflicto entre 2351_226/214 y ARG1491 finalizado (Separación segura restablecida)
[2026-05-31 21:08:31.147] NUEVO CONFLICTO detectado entre 2375_226/232 y FBZ5480 - Estado: VIOLATION
[2026-05-31 21:09:06.413] RESOLVIDO: Conflicto entre 2375_226/232 y FBZ5480 finalizado (Separación segura restablecida)
[2026-05-31 21:09:07.771] NUEVO CONFLICTO detectado entre 2375_226/232 y FBZ5480 - Estado: VIOLATION
[2026-05-31 21:09:24.917] RESOLVIDO: Conflicto entre 2375_226/232 y FBZ5480 finalizado (Separación segura restablecida)
[2026-05-31 21:09:27.019] NUEVO CONFLICTO detectado entre 2375_226/232 y FBZ5480 - Estado: VIOLATION
[2026-05-31 23:58:54.583] NUEVO CONFLICTO detectado entre 2346_226/213 y 2346_226/205 - Estado: VIOLATION
[2026-05-31 23:58:55.403] RESOLVIDO: Conflicto entre 2346_226/205 y 2346_226/213 finalizado (Separación segura restablecida)
[2026-05-31 23:58:58.543] NUEVO CONFLICTO detectado entre 0432_226/230 y 0432_226/232 - Estado: VIOLATION
[2026-05-31 23:58:59.160] RESOLVIDO: Conflicto entre 0432_226/230 y 0432_226/232 finalizado (Separación segura restablecida)
[2026-06-01 00:00:54.830] NUEVO CONFLICTO detectado entre 2112_226/230 y JES3157 - Estado: VIOLATION
[2026-06-01 00:01:05.554] RESOLVIDO: Conflicto entre 2112_226/230 y JES3157 finalizado (Separación segura restablecida)
[2026-06-01 00:02:45.062] NUEVO CONFLICTO detectado entre 6316_226/232 y A9B9E3 - Estado: VIOLATION
[2026-06-01 00:02:58.308] RESOLVIDO: Conflicto entre 6316_226/232 y A9B9E3 finalizado (Separación segura restablecida)
[2026-06-01 00:12:07.381] NUEVO CONFLICTO detectado entre DAL101 y 2346_226/205 - Estado: PREDICTION (CPA estimado en 119s)
[2026-06-01 00:12:09.543] RESOLVIDO: Conflicto entre 2346_226/205 y DAL101 finalizado (Separación segura restablecida)
[2026-06-01 00:12:18.732] NUEVO CONFLICTO detectado entre DAL101 y 2346_226/205 - Estado: PREDICTION (CPA estimado en 118s)
[2026-06-01 00:12:24.327] RESOLVIDO: Conflicto entre 2346_226/205 y DAL101 finalizado (Separación segura restablecida)
[2026-06-01 00:12:33.696] NUEVO CONFLICTO detectado entre DAL101 y 2346_226/205 - Estado: PREDICTION (CPA estimado en 120s)
[2026-06-01 00:12:34.328] RESOLVIDO: Conflicto entre 2346_226/205 y DAL101 finalizado (Separación segura restablecida)
[2026-06-01 00:12:34.337] NUEVO CONFLICTO detectado entre DAL101 y 2346_226/205 - Estado: PREDICTION (CPA estimado en 120s)
[2026-06-01 00:12:37.006] RESOLVIDO: Conflicto entre 2346_226/205 y DAL101 finalizado (Separación segura restablecida)
[2026-06-01 00:12:56.294] NUEVO CONFLICTO detectado entre DAL101 y 2346_226/205 - Estado: PREDICTION (CPA estimado en 104s)
[2026-06-01 00:13:02.023] RESOLVIDO: Conflicto entre 2346_226/205 y DAL101 finalizado (Separación segura restablecida)
[2026-06-01 00:13:18.831] NUEVO CONFLICTO detectado entre DAL101 y 2346_226/205 - Estado: PREDICTION (CPA estimado en 113s)
[2026-06-01 00:13:21.087] RESOLVIDO: Conflicto entre 2346_226/205 y DAL101 finalizado (Separación segura restablecida)
[2026-06-01 00:14:23.708] NUEVO CONFLICTO detectado entre DAL101 y 2346_226/205 - Estado: PREDICTION (CPA estimado en 103s)
[2026-06-01 00:14:23.832] ACTUALIZACIÓN: Conflicto predictivo entre DAL101 y 2346_226/205 - CPA en 88s
[2026-06-01 00:14:29.824] RESOLVIDO: Conflicto entre 2346_226/205 y DAL101 finalizado (Separación segura restablecida)
[2026-06-01 00:19:56.071] NUEVO CONFLICTO detectado entre 2375_226/232 y FBZ5480 - Estado: VIOLATION
[2026-06-01 00:20:02.444] RESOLVIDO: Conflicto entre 2375_226/232 y FBZ5480 finalizado (Separación segura restablecida)
[2026-06-01 00:20:17.615] NUEVO CONFLICTO detectado entre 2375_226/232 y FBZ5480 - Estado: VIOLATION
[2026-06-01 00:20:21.273] RESOLVIDO: Conflicto entre 2375_226/232 y FBZ5480 finalizado (Separación segura restablecida)
[2026-06-01 00:20:22.320] NUEVO CONFLICTO detectado entre 2375_226/232 y FBZ5480 - Estado: VIOLATION
[2026-06-01 00:20:34.919] RESOLVIDO: Conflicto entre 2375_226/232 y FBZ5480 finalizado (Separación segura restablecida)
[2026-06-01 00:20:36.041] NUEVO CONFLICTO detectado entre 2375_226/232 y FBZ5480 - Estado: VIOLATION
[2026-06-01 00:20:49.929] RESOLVIDO: Conflicto entre 2375_226/232 y FBZ5480 finalizado (Separación segura restablecida)
[2026-06-01 00:20:51.051] NUEVO CONFLICTO detectado entre 2375_226/232 y FBZ5480 - Estado: VIOLATION
[2026-06-01 00:21:05.837] RESOLVIDO: Conflicto entre 2375_226/232 y FBZ5480 finalizado (Separación segura restablecida)
[2026-06-01 00:21:06.975] NUEVO CONFLICTO detectado entre 2375_226/232 y FBZ5480 - Estado: VIOLATION
[2026-06-01 00:21:27.836] RESOLVIDO: Conflicto entre 2375_226/232 y FBZ5480 finalizado (Separación segura restablecida)
[2026-06-01 00:21:40.408] NUEVO CONFLICTO detectado entre 2375_226/232 y FBZ5480 - Estado: VIOLATION
[2026-06-01 00:22:08.022] RESOLVIDO: Conflicto entre 2375_226/232 y FBZ5480 finalizado (Separación segura restablecida)
[2026-06-01 00:22:09.127] NUEVO CONFLICTO detectado entre 2375_226/232 y FBZ5480 - Estado: VIOLATION
[2026-06-01 00:22:23.595] RESOLVIDO: Conflicto entre 2375_226/232 y FBZ5480 finalizado (Separación segura restablecida)
[2026-06-01 00:22:24.650] NUEVO CONFLICTO detectado entre 2375_226/232 y FBZ5480 - Estado: VIOLATION
[2026-06-01 00:23:09.481] RESOLVIDO: Conflicto entre 2375_226/232 y FBZ5480 finalizado (Separación segura restablecida)
[2026-06-01 00:23:10.543] NUEVO CONFLICTO detectado entre 2375_226/232 y FBZ5480 - Estado: VIOLATION
[2026-06-01 00:23:25.017] RESOLVIDO: Conflicto entre 2375_226/232 y FBZ5480 finalizado (Separación segura restablecida)
[2026-06-01 00:23:26.243] NUEVO CONFLICTO detectado entre 2375_226/232 y FBZ5480 - Estado: VIOLATION
[2026-06-01 00:23:40.978] RESOLVIDO: Conflicto entre 2375_226/232 y FBZ5480 finalizado (Separación segura restablecida)
[2026-06-01 00:23:42.036] NUEVO CONFLICTO detectado entre 2375_226/232 y FBZ5480 - Estado: VIOLATION
[2026-06-01 00:24:14.729] RESOLVIDO: Conflicto entre 2375_226/232 y FBZ5480 finalizado (Separación segura restablecida)
[2026-06-01 00:24:15.836] NUEVO CONFLICTO detectado entre 2375_226/232 y FBZ5480 - Estado: VIOLATION
[2026-06-01 00:24:32.615] RESOLVIDO: Conflicto entre 2375_226/232 y FBZ5480 finalizado (Separación segura restablecida)
[2026-06-01 00:24:32.861] NUEVO CONFLICTO detectado entre 2375_226/232 y FBZ5480 - Estado: VIOLATION
[2026-06-01 00:24:43.383] RESOLVIDO: Conflicto entre 2375_226/232 y FBZ5480 finalizado (Separación segura restablecida)
[2026-06-01 00:29:31.116] NUEVO CONFLICTO detectado entre 2375_226/232 y FBZ5480 - Estado: VIOLATION
[2026-06-01 00:31:13.778] RESOLVIDO: Conflicto entre 2375_226/232 y E0B147 finalizado (Separación segura restablecida)
[2026-06-01 00:41:24.873] NUEVO CONFLICTO detectado entre LAN427 y 5242_153/6 - Estado: VIOLATION
[2026-06-01 00:46:48.952] NUEVO CONFLICTO detectado entre 2375_226/232 y FBZ5480 - Estado: VIOLATION
[2026-06-01 00:47:15.251] RESOLVIDO: Conflicto entre 2375_226/232 y FBZ5480 finalizado (Separación segura restablecida)
[2026-06-01 00:47:16.401] NUEVO CONFLICTO detectado entre 2375_226/232 y FBZ5480 - Estado: VIOLATION
[2026-06-01 00:47:30.563] RESOLVIDO: Conflicto entre 2375_226/232 y FBZ5480 finalizado (Separación segura restablecida)
[2026-06-01 00:47:31.654] NUEVO CONFLICTO detectado entre 2375_226/232 y FBZ5480 - Estado: VIOLATION
[2026-06-01 00:47:45.423] RESOLVIDO: Conflicto entre 2375_226/232 y FBZ5480 finalizado (Separación segura restablecida)
[2026-06-01 00:47:46.545] NUEVO CONFLICTO detectado entre 2375_226/232 y FBZ5480 - Estado: VIOLATION
[2026-06-01 00:47:59.671] RESOLVIDO: Conflicto entre 2375_226/232 y FBZ5480 finalizado (Separación segura restablecida)
[2026-06-01 00:48:00.603] NUEVO CONFLICTO detectado entre 2375_226/232 y FBZ5480 - Estado: VIOLATION
[2026-06-01 00:48:29.605] RESOLVIDO: Conflicto entre 2375_226/232 y FBZ5480 finalizado (Separación segura restablecida)
[2026-06-01 00:48:30.802] NUEVO CONFLICTO detectado entre 2375_226/232 y FBZ5480 - Estado: VIOLATION
[2026-06-01 00:49:00.796] RESOLVIDO: Conflicto entre 2375_226/232 y FBZ5480 finalizado (Separación segura restablecida)
[2026-06-01 00:49:01.983] NUEVO CONFLICTO detectado entre 2375_226/232 y FBZ5480 - Estado: VIOLATION
[2026-06-01 00:49:16.383] RESOLVIDO: Conflicto entre 2375_226/232 y FBZ5480 finalizado (Separación segura restablecida)
[2026-06-01 00:49:17.452] NUEVO CONFLICTO detectado entre 2375_226/232 y FBZ5480 - Estado: VIOLATION
[2026-06-01 00:50:03.113] RESOLVIDO: Conflicto entre 2375_226/232 y FBZ5480 finalizado (Separación segura restablecida)
[2026-06-01 00:50:04.186] NUEVO CONFLICTO detectado entre 2375_226/232 y FBZ5480 - Estado: VIOLATION
[2026-06-01 00:50:18.981] RESOLVIDO: Conflicto entre 2375_226/232 y FBZ5480 finalizado (Separación segura restablecida)
[2026-06-01 00:50:20.045] NUEVO CONFLICTO detectado entre 2375_226/232 y FBZ5480 - Estado: VIOLATION
[2026-06-01 00:50:35.688] RESOLVIDO: Conflicto entre 2375_226/232 y FBZ5480 finalizado (Separación segura restablecida)
[2026-06-01 00:50:36.947] NUEVO CONFLICTO detectado entre 2375_226/232 y FBZ5480 - Estado: VIOLATION
[2026-06-01 00:51:10.602] RESOLVIDO: Conflicto entre 2375_226/232 y FBZ5480 finalizado (Separación segura restablecida)
[2026-06-01 00:51:11.959] NUEVO CONFLICTO detectado entre 2375_226/232 y FBZ5480 - Estado: VIOLATION
[2026-06-01 00:51:28.935] RESOLVIDO: Conflicto entre 2375_226/232 y FBZ5480 finalizado (Separación segura restablecida)
[2026-06-01 00:51:29.341] NUEVO CONFLICTO detectado entre 2375_226/232 y FBZ5480 - Estado: VIOLATION
[2026-06-01 00:52:02.438] RESOLVIDO: Conflicto entre 2375_226/232 y FBZ5480 finalizado (Separación segura restablecida)
[2026-06-01 00:52:03.624] NUEVO CONFLICTO detectado entre 2375_226/232 y FBZ5480 - Estado: VIOLATION
[2026-06-01 00:52:19.224] RESOLVIDO: Conflicto entre 2375_226/232 y FBZ5480 finalizado (Separación segura restablecida)
[2026-06-01 00:52:20.098] NUEVO CONFLICTO detectado entre 2375_226/232 y FBZ5480 - Estado: VIOLATION
[2026-06-01 00:53:06.519] RESOLVIDO: Conflicto entre 2375_226/232 y FBZ5480 finalizado (Separación segura restablecida)
[2026-06-01 00:53:07.465] NUEVO CONFLICTO detectado entre 2375_226/232 y FBZ5480 - Estado: VIOLATION
[2026-06-01 00:53:22.202] RESOLVIDO: Conflicto entre 2375_226/232 y FBZ5480 finalizado (Separación segura restablecida)
[2026-06-01 00:53:23.135] NUEVO CONFLICTO detectado entre 2375_226/232 y FBZ5480 - Estado: VIOLATION
[2026-06-01 01:00:57.918] NUEVO CONFLICTO detectado entre 2375_226/232 y FBZ5480 - Estado: VIOLATION
[2026-06-01 01:01:23.710] RESOLVIDO: Conflicto entre 2375_226/232 y FBZ5480 finalizado (Separación segura restablecida)
[2026-06-01 01:01:24.777] NUEVO CONFLICTO detectado entre 2375_226/232 y FBZ5480 - Estado: VIOLATION
[2026-06-01 01:01:39.620] RESOLVIDO: Conflicto entre 2375_226/232 y FBZ5480 finalizado (Separación segura restablecida)
[2026-06-01 01:01:40.805] NUEVO CONFLICTO detectado entre 2375_226/232 y FBZ5480 - Estado: VIOLATION
[2026-06-01 01:01:56.336] RESOLVIDO: Conflicto entre 2375_226/232 y FBZ5480 finalizado (Separación segura restablecida)
[2026-06-01 01:01:57.590] NUEVO CONFLICTO detectado entre 2375_226/232 y FBZ5480 - Estado: VIOLATION
[2026-06-01 01:02:07.296] RESOLVIDO: Conflicto entre 2375_226/232 y E0B147 finalizado (Separación segura restablecida)
[2026-06-01 10:26:02.911] NUEVO CONFLICTO detectado entre FBZ5480 y 2375_226/232 - Estado: VIOLATION
[2026-06-01 10:26:31.659] RESOLVIDO: Conflicto entre 2375_226/232 y FBZ5480 finalizado (Separación segura restablecida)
[2026-06-01 10:26:32.954] NUEVO CONFLICTO detectado entre FBZ5480 y 2375_226/232 - Estado: VIOLATION
[2026-06-01 10:26:48.229] RESOLVIDO: Conflicto entre 2375_226/232 y FBZ5480 finalizado (Separación segura restablecida)
[2026-06-01 10:26:49.484] NUEVO CONFLICTO detectado entre FBZ5480 y 2375_226/232 - Estado: VIOLATION
[2026-06-01 10:27:07.132] RESOLVIDO: Conflicto entre 2375_226/232 y FBZ5480 finalizado (Separación segura restablecida)
[2026-06-01 10:27:08.641] NUEVO CONFLICTO detectado entre FBZ5480 y 2375_226/232 - Estado: VIOLATION
[2026-06-01 10:27:26.401] RESOLVIDO: Conflicto entre 2375_226/232 y FBZ5480 finalizado (Separación segura restablecida)
[2026-06-01 10:27:27.795] NUEVO CONFLICTO detectado entre FBZ5480 y 2375_226/232 - Estado: VIOLATION
[2026-06-01 10:28:02.298] RESOLVIDO: Conflicto entre 2375_226/232 y FBZ5480 finalizado (Separación segura restablecida)
[2026-06-01 10:28:03.434] NUEVO CONFLICTO detectado entre FBZ5480 y 2375_226/232 - Estado: VIOLATION
[2026-06-01 13:14:34.880] NUEVO CONFLICTO detectado entre 2375_226/232 y FBZ5480 - Estado: VIOLATION
[2026-06-01 13:15:07.922] RESOLVIDO: Conflicto entre 2375_226/232 y FBZ5480 finalizado (Separación segura restablecida)
[2026-06-01 13:15:08.910] NUEVO CONFLICTO detectado entre 2375_226/232 y FBZ5480 - Estado: VIOLATION
[2026-06-01 13:16:06.666] RESOLVIDO: Conflicto entre 2375_226/232 y FBZ5480 finalizado (Separación segura restablecida)
[2026-06-01 13:19:26.956] NUEVO CONFLICTO detectado entre FBZ5480 y 2375_226/232 - Estado: VIOLATION
[2026-06-01 13:20:00.017] RESOLVIDO: Conflicto entre 2375_226/232 y FBZ5480 finalizado (Separación segura restablecida)
[2026-06-01 13:20:01.190] NUEVO CONFLICTO detectado entre FBZ5480 y 2375_226/232 - Estado: VIOLATION
[2026-06-01 13:20:16.877] RESOLVIDO: Conflicto entre 2375_226/232 y FBZ5480 finalizado (Separación segura restablecida)
[2026-06-01 13:20:17.931] NUEVO CONFLICTO detectado entre FBZ5480 y 2375_226/232 - Estado: VIOLATION
[2026-06-01 13:21:17.101] RESOLVIDO: Conflicto entre 2375_226/232 y FBZ5480 finalizado (Separación segura restablecida)
[2026-06-01 13:21:27.722] NUEVO CONFLICTO detectado entre 2112_226/230 y JES3157 - Estado: VIOLATION
[2026-06-01 13:21:42.614] RESOLVIDO: Conflicto entre 2112_226/230 y JES3157 finalizado (Separación segura restablecida)
[2026-06-01 13:23:38.882] NUEVO CONFLICTO detectado entre 6316_226/230 y A9B9E3 - Estado: VIOLATION
[2026-06-01 13:23:52.773] RESOLVIDO: Conflicto entre 6316_226/230 y A9B9E3 finalizado (Separación segura restablecida)
[2026-06-01 13:37:17.817] NUEVO CONFLICTO detectado entre 2351_226/214 y ARG1491 - Estado: VIOLATION
[2026-06-01 13:37:24.624] RESOLVIDO: Conflicto entre 2351_226/214 y ARG1491 finalizado (Separación segura restablecida)
[2026-06-01 13:37:30.758] NUEVO CONFLICTO detectado entre 2351_226/214 y ARG1491 - Estado: VIOLATION
[2026-06-01 13:37:38.466] RESOLVIDO: Conflicto entre 2351_226/214 y ARG1491 finalizado (Separación segura restablecida)
[2026-06-01 13:37:45.848] NUEVO CONFLICTO detectado entre 2351_226/214 y ARG1491 - Estado: VIOLATION
[2026-06-01 13:37:53.106] RESOLVIDO: Conflicto entre 2351_226/214 y ARG1491 finalizado (Separación segura restablecida)
[2026-06-01 13:38:00.497] NUEVO CONFLICTO detectado entre 2351_226/214 y ARG1491 - Estado: VIOLATION
[2026-06-01 13:38:07.888] RESOLVIDO: Conflicto entre 2351_226/214 y ARG1491 finalizado (Separación segura restablecida)
[2026-06-01 13:38:14.884] NUEVO CONFLICTO detectado entre 2351_226/214 y ARG1491 - Estado: VIOLATION
[2026-06-01 13:38:22.472] RESOLVIDO: Conflicto entre 2351_226/214 y ARG1491 finalizado (Separación segura restablecida)
[2026-06-01 13:38:29.842] NUEVO CONFLICTO detectado entre 2351_226/214 y ARG1491 - Estado: VIOLATION
[2026-06-01 13:38:37.774] RESOLVIDO: Conflicto entre 2351_226/214 y ARG1491 finalizado (Separación segura restablecida)
[2026-06-01 13:38:40.411] NUEVO CONFLICTO detectado entre 2351_226/214 y ARG1491 - Estado: PREDICTION (CPA estimado en 0s)
[2026-06-01 13:38:44.813] ESCALACIÓN: Conflicto entre 2351_226/214 y ARG1491 evolucionó de PREDICCIÓN a VIOLACIÓN DE SEPARACIÓN
[2026-06-01 13:38:53.113] RESOLVIDO: Conflicto entre 2351_226/214 y ARG1491 finalizado (Separación segura restablecida)
[2026-06-01 13:38:56.191] NUEVO CONFLICTO detectado entre 2351_226/214 y ARG1491 - Estado: PREDICTION (CPA estimado en 1s)
[2026-06-01 13:39:00.545] ESCALACIÓN: Conflicto entre 2351_226/214 y ARG1491 evolucionó de PREDICCIÓN a VIOLACIÓN DE SEPARACIÓN
[2026-06-01 13:39:08.683] RESOLVIDO: Conflicto entre 2351_226/214 y ARG1491 finalizado (Separación segura restablecida)
[2026-06-01 13:39:15.854] NUEVO CONFLICTO detectado entre 2351_226/214 y ARG1491 - Estado: VIOLATION
[2026-06-01 13:39:23.670] RESOLVIDO: Conflicto entre 2351_226/214 y ARG1491 finalizado (Separación segura restablecida)
[2026-06-01 13:39:26.534] NUEVO CONFLICTO detectado entre 2351_226/214 y ARG1491 - Estado: PREDICTION (CPA estimado en 0s)
[2026-06-01 13:39:31.729] ESCALACIÓN: Conflicto entre 2351_226/214 y ARG1491 evolucionó de PREDICCIÓN a VIOLACIÓN DE SEPARACIÓN
[2026-06-01 13:39:38.007] RESOLVIDO: Conflicto entre 2351_226/214 y ARG1491 finalizado (Separación segura restablecida)
[2026-06-01 13:39:39.142] NUEVO CONFLICTO detectado entre 2351_226/214 y ARG1491 - Estado: PREDICTION (CPA estimado en 0s)
[2026-06-01 13:39:44.571] RESOLVIDO: Conflicto entre 2351_226/214 y ARG1491 finalizado (Separación segura restablecida)
[2026-06-01 13:39:45.401] NUEVO CONFLICTO detectado entre 2351_226/214 y ARG1491 - Estado: PREDICTION (CPA estimado en 3s)
[2026-06-01 13:39:45.651] ESCALACIÓN: Conflicto entre 2351_226/214 y ARG1491 evolucionó de PREDICCIÓN a VIOLACIÓN DE SEPARACIÓN
[2026-06-01 13:39:54.203] RESOLVIDO: Conflicto entre 2351_226/214 y ARG1491 finalizado (Separación segura restablecida)
[2026-06-01 13:39:56.330] NUEVO CONFLICTO detectado entre 2351_226/214 y ARG1491 - Estado: PREDICTION (CPA estimado en 1s)
[2026-06-01 13:40:02.080] ESCALACIÓN: Conflicto entre 2351_226/214 y ARG1491 evolucionó de PREDICCIÓN a VIOLACIÓN DE SEPARACIÓN
[2026-06-01 13:40:11.155] RESOLVIDO: Conflicto entre 2351_226/214 y ARG1491 finalizado (Separación segura restablecida)
[2026-06-01 13:40:12.626] NUEVO CONFLICTO detectado entre 2351_226/214 y ARG1491 - Estado: PREDICTION (CPA estimado en 0s)
[2026-06-01 13:40:19.001] ESCALACIÓN: Conflicto entre 2351_226/214 y ARG1491 evolucionó de PREDICCIÓN a VIOLACIÓN DE SEPARACIÓN
[2026-06-01 13:40:29.015] RESOLVIDO: Conflicto entre 2351_226/214 y ARG1491 finalizado (Separación segura restablecida)
[2026-06-01 13:40:30.568] NUEVO CONFLICTO detectado entre 2351_226/214 y ARG1491 - Estado: PREDICTION (CPA estimado en 0s)
[2026-06-01 13:40:37.355] ESCALACIÓN: Conflicto entre 2351_226/214 y ARG1491 evolucionó de PREDICCIÓN a VIOLACIÓN DE SEPARACIÓN
[2026-06-01 13:41:11.903] RESOLVIDO: Conflicto entre 2351_226/214 y ARG1491 finalizado (Separación segura restablecida)
[2026-06-01 13:43:39.464] NUEVO CONFLICTO detectado entre 2351_226/214 y ARG1491 - Estado: VIOLATION
[2026-06-01 13:43:46.955] RESOLVIDO: Conflicto entre 2351_226/214 y ARG1491 finalizado (Separación segura restablecida)
[2026-06-01 13:43:53.661] NUEVO CONFLICTO detectado entre 2351_226/214 y ARG1491 - Estado: VIOLATION
[2026-06-01 17:07:08.961] NUEVO CONFLICTO detectado entre 1756_153/6 y 3006_153/6 - Estado: PREDICTION (CPA estimado en 103s)
[2026-06-01 17:07:10.995] RESOLVIDO: Conflicto entre 1756_153/6 y 3006_153/6 finalizado (Separación segura restablecida)
[2026-06-01 17:15:21.479] NUEVO CONFLICTO detectado entre 2070_153/6 y 7074_153/6 - Estado: VIOLATION
[2026-06-01 17:15:23.343] NUEVO CONFLICTO detectado entre 1756_153/6 y 3006_226/221 - Estado: PREDICTION (CPA estimado en 85s)
[2026-06-01 17:15:25.554] RESOLVIDO: Conflicto entre 1756_153/6 y 3006_226/221 finalizado (Separación segura restablecida)
[2026-06-01 17:15:26.162] RESOLVIDO: Conflicto entre 2070_153/6 y 7074_153/6 finalizado (Separación segura restablecida)
[2026-06-03 11:58:58.357] NUEVO CONFLICTO detectado entre 3236_153/6 y 7277_226/222 - Estado: VIOLATION
[2026-06-03 11:59:28.406] RESOLVIDO: Conflicto entre 3236_153/6 y 7277_226/222 finalizado (Separación segura restablecida)
[2026-06-03 17:25:23.616] NUEVO CONFLICTO detectado entre 2375_226/232 y FBZ5480 - Estado: VIOLATION
[2026-06-03 17:25:48.101] RESOLVIDO: Conflicto entre 2375_226/232 y E0B147 finalizado (Separación segura restablecida)
[2026-06-03 17:40:28.280] NUEVO CONFLICTO detectado entre 2351_226/214 y ARG1491 - Estado: VIOLATION
[2026-06-03 17:40:39.693] RESOLVIDO: Conflicto entre 2351_226/214 y ARG1491 finalizado (Separación segura restablecida)
[2026-06-03 17:40:51.812] NUEVO CONFLICTO detectado entre 2351_226/214 y ARG1491 - Estado: VIOLATION
[2026-06-03 17:41:00.853] RESOLVIDO: Conflicto entre 2351_226/214 y ARG1491 finalizado (Separación segura restablecida)
[2026-06-03 17:41:08.085] NUEVO CONFLICTO detectado entre 2351_226/214 y ARG1491 - Estado: VIOLATION
[2026-06-03 17:41:15.604] RESOLVIDO: Conflicto entre 2351_226/214 y ARG1491 finalizado (Separación segura restablecida)
[2026-06-03 17:41:22.733] NUEVO CONFLICTO detectado entre 2351_226/214 y ARG1491 - Estado: VIOLATION
[2026-06-03 17:41:29.888] RESOLVIDO: Conflicto entre 2351_226/214 y ARG1491 finalizado (Separación segura restablecida)
[2026-06-03 17:41:36.738] NUEVO CONFLICTO detectado entre 2351_226/214 y ARG1491 - Estado: VIOLATION
[2026-06-03 17:41:44.645] RESOLVIDO: Conflicto entre 2351_226/214 y ARG1491 finalizado (Separación segura restablecida)
[2026-06-03 17:41:52.023] NUEVO CONFLICTO detectado entre 2351_226/214 y ARG1491 - Estado: VIOLATION
[2026-06-03 17:42:00.928] RESOLVIDO: Conflicto entre 2351_226/214 y ARG1491 finalizado (Separación segura restablecida)
[2026-06-03 17:42:03.882] NUEVO CONFLICTO detectado entre 2351_226/214 y ARG1491 - Estado: PREDICTION (CPA estimado en 0s)
[2026-06-03 17:42:08.967] ESCALACIÓN: Conflicto entre 2351_226/214 y ARG1491 evolucionó de PREDICCIÓN a VIOLACIÓN DE SEPARACIÓN
[2026-06-03 17:42:17.642] RESOLVIDO: Conflicto entre 2351_226/214 y ARG1491 finalizado (Separación segura restablecida)
[2026-06-03 17:42:25.757] NUEVO CONFLICTO detectado entre 2351_226/214 y ARG1491 - Estado: VIOLATION
[2026-06-03 17:42:34.714] RESOLVIDO: Conflicto entre 2351_226/214 y ARG1491 finalizado (Separación segura restablecida)
[2026-06-03 17:42:44.856] NUEVO CONFLICTO detectado entre TAM8109 y 5255_226/211 - Estado: VIOLATION
[2026-06-03 17:42:45.136] NUEVO CONFLICTO detectado entre 2351_226/212 y ARG1491 - Estado: VIOLATION
[2026-06-03 17:42:45.573] RESOLVIDO: Conflicto entre 5255_226/211 y TAM8109 finalizado (Separación segura restablecida)
[2026-06-03 17:42:48.309] RESOLVIDO: Conflicto entre 2351_226/212 y ARG1491 finalizado (Separación segura restablecida)
[2026-06-03 17:42:52.290] NUEVO CONFLICTO detectado entre 2351_226/212 y ARG1491 - Estado: VIOLATION
[2026-06-03 17:42:56.651] RESOLVIDO: Conflicto entre 2351_226/212 y ARG1491 finalizado (Separación segura restablecida)
[2026-06-03 17:43:01.462] NUEVO CONFLICTO detectado entre 2351_226/212 y ARG1491 - Estado: VIOLATION
[2026-06-03 17:43:05.872] RESOLVIDO: Conflicto entre 2351_226/212 y ARG1491 finalizado (Separación segura restablecida)
[2026-06-03 17:43:09.872] NUEVO CONFLICTO detectado entre 2351_226/212 y ARG1491 - Estado: VIOLATION
[2026-06-03 17:43:14.293] RESOLVIDO: Conflicto entre 2351_226/212 y ARG1491 finalizado (Separación segura restablecida)
[2026-06-03 17:43:18.252] NUEVO CONFLICTO detectado entre 2351_226/212 y ARG1491 - Estado: VIOLATION
[2026-06-03 17:43:22.651] RESOLVIDO: Conflicto entre 2351_226/212 y ARG1491 finalizado (Separación segura restablecida)
[2026-06-03 17:43:26.606] NUEVO CONFLICTO detectado entre 2351_226/212 y ARG1491 - Estado: VIOLATION
[2026-06-03 17:43:31.048] RESOLVIDO: Conflicto entre 2351_226/212 y ARG1491 finalizado (Separación segura restablecida)
[2026-06-03 17:43:35.026] NUEVO CONFLICTO detectado entre 2351_226/212 y ARG1491 - Estado: VIOLATION
[2026-06-03 17:43:39.486] RESOLVIDO: Conflicto entre 2351_226/212 y ARG1491 finalizado (Separación segura restablecida)
[2026-06-03 17:43:43.473] NUEVO CONFLICTO detectado entre 2351_226/212 y ARG1491 - Estado: VIOLATION
[2026-06-03 17:43:47.979] RESOLVIDO: Conflicto entre 2351_226/212 y ARG1491 finalizado (Separación segura restablecida)
[2026-06-03 17:43:51.953] NUEVO CONFLICTO detectado entre 2351_226/212 y ARG1491 - Estado: VIOLATION
[2026-06-03 17:43:56.413] RESOLVIDO: Conflicto entre 2351_226/212 y ARG1491 finalizado (Separación segura restablecida)
[2026-06-03 17:43:58.052] NUEVO CONFLICTO detectado entre 2351_226/212 y ARG1491 - Estado: VIOLATION
[2026-06-03 17:44:04.793] RESOLVIDO: Conflicto entre 2351_226/212 y ARG1491 finalizado (Separación segura restablecida)
[2026-06-03 17:44:06.466] NUEVO CONFLICTO detectado entre 2351_226/212 y ARG1491 - Estado: VIOLATION
[2026-06-03 17:44:13.222] RESOLVIDO: Conflicto entre 2351_226/212 y ARG1491 finalizado (Separación segura restablecida)
[2026-06-03 17:44:14.946] NUEVO CONFLICTO detectado entre 2351_226/212 y ARG1491 - Estado: VIOLATION
[2026-06-03 17:44:21.658] RESOLVIDO: Conflicto entre 2351_226/212 y ARG1491 finalizado (Separación segura restablecida)
[2026-06-03 17:44:23.372] NUEVO CONFLICTO detectado entre 2351_226/212 y ARG1491 - Estado: VIOLATION
[2026-06-03 17:44:30.159] RESOLVIDO: Conflicto entre 2351_226/212 y ARG1491 finalizado (Separación segura restablecida)
[2026-06-03 17:44:31.774] NUEVO CONFLICTO detectado entre 2351_226/212 y ARG1491 - Estado: VIOLATION
[2026-06-03 17:44:40.768] RESOLVIDO: Conflicto entre 2351_226/212 y ARG1491 finalizado (Separación segura restablecida)
[2026-06-03 17:44:49.849] NUEVO CONFLICTO detectado entre 2351_226/212 y ARG1491 - Estado: VIOLATION
[2026-06-03 17:45:33.210] ACTUALIZACIÓN: Conflicto predictivo entre 2351_226/212 y ARG1491 - CPA en 10s
[2026-06-03 17:45:36.468] ACTUALIZACIÓN: Conflicto predictivo entre 2351_226/212 y ARG1491 - CPA en 20s
[2026-06-03 17:45:37.034] ESCALACIÓN: Conflicto entre 2351_226/212 y ARG1491 evolucionó de PREDICCIÓN a VIOLACIÓN DE SEPARACIÓN
[2026-06-03 17:46:10.735] RESOLVIDO: Conflicto entre 2351_226/212 y ARG1491 finalizado (Separación segura restablecida)
[2026-06-03 17:46:33.829] NUEVO CONFLICTO detectado entre JES3073 y ARG1420 - Estado: VIOLATION
[2026-06-03 17:46:34.848] RESOLVIDO: Conflicto entre ARG1420 y JES3073 finalizado (Separación segura restablecida)
[2026-06-03 17:46:35.162] NUEVO CONFLICTO detectado entre JES3073 y ARG1420 - Estado: VIOLATION
[2026-06-03 17:47:31.813] RESOLVIDO: Conflicto entre ARG1420 y JES3073 finalizado (Separación segura restablecida)
[2026-06-03 17:47:31.820] NUEVO CONFLICTO detectado entre JES3073 y ARG1420 - Estado: VIOLATION
[2026-06-03 17:47:33.475] RESOLVIDO: Conflicto entre ARG1420 y JES3073 finalizado (Separación segura restablecida)
[2026-06-03 17:47:33.480] NUEVO CONFLICTO detectado entre JES3073 y ARG1420 - Estado: VIOLATION
[2026-06-03 17:47:33.952] RESOLVIDO: Conflicto entre ARG1420 y JES3073 finalizado (Separación segura restablecida)
[2026-06-03 18:47:36.938] NUEVO CONFLICTO detectado entre 2375_226/232 y FBZ5480 - Estado: VIOLATION
[2026-06-03 18:48:13.770] RESOLVIDO: Conflicto entre 2375_226/232 y E0B147 finalizado (Separación segura restablecida)
[2026-06-03 18:48:34.312] NUEVO CONFLICTO detectado entre FBZ5480 y 2375_226/232 - Estado: VIOLATION
[2026-06-03 18:48:40.244] NUEVO CONFLICTO detectado entre ARG1494 y 1622_226/210 - Estado: VIOLATION
[2026-06-03 18:48:41.784] RESOLVIDO: Conflicto entre 2375_226/232 y FBZ5480 finalizado (Separación segura restablecida)
[2026-06-03 18:48:42.502] RESOLVIDO: Conflicto entre 1622_226/210 y ARG1494 finalizado (Separación segura restablecida)
[2026-06-03 19:01:01.341] NUEVO CONFLICTO detectado entre IBE0117 y LVL2605 - Estado: VIOLATION
[2026-06-03 19:01:17.322] RESOLVIDO: Conflicto entre IBE0117 y LVL2605 finalizado (Separación segura restablecida)
[2026-06-03 19:01:21.412] NUEVO CONFLICTO detectado entre LVL2605 y BAW251 - Estado: VIOLATION
[2026-06-03 19:02:04.774] RESOLVIDO: Conflicto entre LVL2605 y BAW251 finalizado (Separación segura restablecida)
[2026-06-03 19:49:59.631] NUEVO CONFLICTO detectado entre 2375_226/232 y FBZ5480 - Estado: VIOLATION
[2026-06-03 19:50:22.894] RESOLVIDO: Conflicto entre 2375_226/232 y FBZ5480 finalizado (Separación segura restablecida)
[2026-06-03 19:50:23.793] NUEVO CONFLICTO detectado entre 2375_226/232 y FBZ5480 - Estado: VIOLATION
[2026-06-03 19:50:37.778] RESOLVIDO: Conflicto entre 2375_226/232 y FBZ5480 finalizado (Separación segura restablecida)
[2026-06-03 19:50:38.857] NUEVO CONFLICTO detectado entre 2375_226/232 y FBZ5480 - Estado: VIOLATION
[2026-06-03 19:50:54.185] RESOLVIDO: Conflicto entre 2375_226/232 y FBZ5480 finalizado (Separación segura restablecida)
[2026-06-03 19:50:55.425] NUEVO CONFLICTO detectado entre 2375_226/232 y FBZ5480 - Estado: VIOLATION
[2026-06-03 19:51:12.702] RESOLVIDO: Conflicto entre 2375_226/232 y FBZ5480 finalizado (Separación segura restablecida)
[2026-06-03 19:51:13.832] NUEVO CONFLICTO detectado entre 2375_226/232 y FBZ5480 - Estado: VIOLATION
[2026-06-03 19:51:49.806] RESOLVIDO: Conflicto entre 2375_226/232 y FBZ5480 finalizado (Separación segura restablecida)
[2026-06-03 19:51:51.468] NUEVO CONFLICTO detectado entre 2375_226/232 y FBZ5480 - Estado: VIOLATION
[2026-06-03 19:52:27.396] RESOLVIDO: Conflicto entre 2375_226/232 y FBZ5480 finalizado (Separación segura restablecida)
[2026-06-03 19:52:28.850] NUEVO CONFLICTO detectado entre 2375_226/232 y FBZ5480 - Estado: VIOLATION
[2026-06-03 19:52:45.838] RESOLVIDO: Conflicto entre 2375_226/232 y FBZ5480 finalizado (Separación segura restablecida)
[2026-06-03 19:52:47.220] NUEVO CONFLICTO detectado entre 2375_226/232 y FBZ5480 - Estado: VIOLATION
[2026-06-03 19:53:41.714] RESOLVIDO: Conflicto entre 2375_226/232 y FBZ5480 finalizado (Separación segura restablecida)
[2026-06-03 19:53:43.013] NUEVO CONFLICTO detectado entre 2375_226/232 y FBZ5480 - Estado: VIOLATION
[2026-06-03 19:54:00.310] RESOLVIDO: Conflicto entre 2375_226/232 y FBZ5480 finalizado (Separación segura restablecida)
[2026-06-03 19:54:01.867] NUEVO CONFLICTO detectado entre 2375_226/232 y FBZ5480 - Estado: VIOLATION
[2026-06-03 19:54:19.642] RESOLVIDO: Conflicto entre 2375_226/232 y FBZ5480 finalizado (Separación segura restablecida)
[2026-06-03 19:54:21.086] NUEVO CONFLICTO detectado entre 2375_226/232 y FBZ5480 - Estado: VIOLATION
[2026-06-03 19:54:56.871] RESOLVIDO: Conflicto entre 2375_226/232 y FBZ5480 finalizado (Separación segura restablecida)
[2026-06-03 19:54:58.158] NUEVO CONFLICTO detectado entre 2375_226/232 y FBZ5480 - Estado: VIOLATION
[2026-06-03 19:55:16.723] RESOLVIDO: Conflicto entre 2375_226/232 y FBZ5480 finalizado (Separación segura restablecida)
[2026-06-03 19:55:17.165] NUEVO CONFLICTO detectado entre 2375_226/232 y FBZ5480 - Estado: VIOLATION
[2026-06-03 19:55:53.314] RESOLVIDO: Conflicto entre 2375_226/232 y FBZ5480 finalizado (Separación segura restablecida)
[2026-06-03 19:55:54.525] NUEVO CONFLICTO detectado entre 2375_226/232 y FBZ5480 - Estado: VIOLATION
[2026-06-03 19:56:12.263] RESOLVIDO: Conflicto entre 2375_226/232 y FBZ5480 finalizado (Separación segura restablecida)
[2026-06-03 19:56:13.347] NUEVO CONFLICTO detectado entre 2375_226/232 y FBZ5480 - Estado: VIOLATION
[2026-06-03 19:57:08.567] RESOLVIDO: Conflicto entre 2375_226/232 y FBZ5480 finalizado (Separación segura restablecida)
[2026-06-03 19:57:09.628] NUEVO CONFLICTO detectado entre 2375_226/232 y FBZ5480 - Estado: VIOLATION
[2026-06-03 19:57:27.275] RESOLVIDO: Conflicto entre 2375_226/232 y FBZ5480 finalizado (Separación segura restablecida)
[2026-06-03 19:57:28.503] NUEVO CONFLICTO detectado entre 2375_226/232 y FBZ5480 - Estado: VIOLATION
[2026-06-03 19:57:46.947] RESOLVIDO: Conflicto entre 2375_226/232 y FBZ5480 finalizado (Separación segura restablecida)
[2026-06-03 19:57:48.029] NUEVO CONFLICTO detectado entre 2375_226/232 y FBZ5480 - Estado: VIOLATION
[2026-06-03 20:02:41.011] RESOLVIDO: Conflicto entre 2375_226/232 y E0B147 finalizado (Separación segura restablecida)
[2026-06-03 20:03:55.732] NUEVO CONFLICTO detectado entre FBZ5180 y 1572_226/212 - Estado: VIOLATION
[2026-06-03 20:03:56.505] RESOLVIDO: Conflicto entre 1572_226/212 y FBZ5180 finalizado (Separación segura restablecida)
[2026-06-03 20:04:08.341] NUEVO CONFLICTO detectado entre 5234_226/210 y LAN762 - Estado: VIOLATION
[2026-06-03 20:04:10.529] NUEVO CONFLICTO detectado entre ARG1494 y 1622_226/210 - Estado: VIOLATION
[2026-06-03 20:04:11.278] RESOLVIDO: Conflicto entre 5234_226/210 y E80455 finalizado (Separación segura restablecida)
[2026-06-03 20:04:11.279] RESOLVIDO: Conflicto entre 1622_226/210 y E07582 finalizado (Separación segura restablecida)
[2026-06-03 20:34:07.440] NUEVO CONFLICTO detectado entre 2375_226/232 y FBZ5480 - Estado: VIOLATION
[2026-06-03 20:34:19.502] NUEVO CONFLICTO detectado entre LAN774 y 5232_226/232 - Estado: VIOLATION
[2026-06-03 20:34:24.498] RESOLVIDO: Conflicto entre 5232_226/232 y LAN774 finalizado (Separación segura restablecida)
[2026-06-03 20:35:30.491] RESOLVIDO: Conflicto entre 2375_226/232 y FBZ5480 finalizado (Separación segura restablecida)
[2026-06-03 20:36:42.105] NUEVO CONFLICTO detectado entre LAN762 y 5234_226/203 - Estado: VIOLATION
[2026-06-03 20:36:44.743] NUEVO CONFLICTO detectado entre ARG1494 y 1622_226/210 - Estado: VIOLATION
[2026-06-03 20:36:48.935] RESOLVIDO: Conflicto entre 5234_226/203 y LAN762 finalizado (Separación segura restablecida)
[2026-06-03 20:36:51.022] RESOLVIDO: Conflicto entre 1622_226/210 y E07582 finalizado (Separación segura restablecida)
[2026-06-03 20:36:58.936] NUEVO CONFLICTO detectado entre ARG1494 y ARG1494 - Estado: VIOLATION
[2026-06-03 20:37:13.926] RESOLVIDO: Conflicto entre 1622_226/213 y E07582 finalizado (Separación segura restablecida)
[2026-06-03 20:37:19.107] NUEVO CONFLICTO detectado entre LAN762 y 5234_226/211 - Estado: VIOLATION
[2026-06-03 20:37:21.083] NUEVO CONFLICTO detectado entre FBZ5850 y 0420_226/205 - Estado: VIOLATION
[2026-06-03 20:37:21.230] NUEVO CONFLICTO detectado entre 1622_226/205 y ARG1494 - Estado: VIOLATION
[2026-06-03 20:37:27.472] NUEVO CONFLICTO detectado entre JES3741 y 2013_226/212 - Estado: VIOLATION
[2026-06-03 20:37:27.473] NUEVO CONFLICTO detectado entre TAM8168 y 3321_226/212 - Estado: VIOLATION
[2026-06-03 20:37:28.314] RESOLVIDO: Conflicto entre 3321_226/212 y TAM8168 finalizado (Separación segura restablecida)
[2026-06-03 20:37:28.315] RESOLVIDO: Conflicto entre 2013_226/212 y JES3741 finalizado (Separación segura restablecida)
[2026-06-03 20:37:32.236] RESOLVIDO: Conflicto entre 5234_226/211 y E80455 finalizado (Separación segura restablecida)
[2026-06-03 20:37:32.237] RESOLVIDO: Conflicto entre 1622_226/205 y E07582 finalizado (Separación segura restablecida)
[2026-06-03 20:37:32.238] RESOLVIDO: Conflicto entre 0420_226/205 y E0B146 finalizado (Separación segura restablecida)
[2026-06-03 22:46:52.752] NUEVO CONFLICTO detectado entre 2375_226/232 y FBZ5480 - Estado: VIOLATION
[2026-06-03 22:47:25.495] RESOLVIDO: Conflicto entre 2375_226/232 y FBZ5480 finalizado (Separación segura restablecida)
[2026-06-03 22:47:27.142] NUEVO CONFLICTO detectado entre 2375_226/232 y FBZ5480 - Estado: VIOLATION
[2026-06-03 22:47:44.366] RESOLVIDO: Conflicto entre 2375_226/232 y FBZ5480 finalizado (Separación segura restablecida)
[2026-06-03 22:47:45.744] NUEVO CONFLICTO detectado entre 2375_226/232 y FBZ5480 - Estado: VIOLATION
[2026-06-03 22:48:01.823] RESOLVIDO: Conflicto entre 2375_226/232 y FBZ5480 finalizado (Separación segura restablecida)
[2026-06-03 22:48:03.989] NUEVO CONFLICTO detectado entre 2375_226/232 y FBZ5480 - Estado: VIOLATION
[2026-06-03 22:48:22.471] RESOLVIDO: Conflicto entre 2375_226/232 y FBZ5480 finalizado (Separación segura restablecida)
[2026-06-03 22:48:23.755] NUEVO CONFLICTO detectado entre 2375_226/232 y FBZ5480 - Estado: VIOLATION
[2026-06-03 22:48:55.054] RESOLVIDO: Conflicto entre 2375_226/232 y FBZ5480 finalizado (Separación segura restablecida)
[2026-06-03 22:48:56.055] NUEVO CONFLICTO detectado entre 2375_226/232 y FBZ5480 - Estado: VIOLATION
[2026-06-03 22:49:30.314] RESOLVIDO: Conflicto entre 2375_226/232 y FBZ5480 finalizado (Separación segura restablecida)
[2026-06-03 23:03:35.651] NUEVO CONFLICTO detectado entre 2351_226/214 y ARG1491 - Estado: VIOLATION
[2026-06-03 23:03:41.058] RESOLVIDO: Conflicto entre 2351_226/214 y ARG1491 finalizado (Separación segura restablecida)
[2026-06-03 23:03:46.084] NUEVO CONFLICTO detectado entre 2351_226/214 y ARG1491 - Estado: VIOLATION
[2026-06-03 23:03:52.041] RESOLVIDO: Conflicto entre 2351_226/214 y ARG1491 finalizado (Separación segura restablecida)
[2026-06-03 23:03:57.380] NUEVO CONFLICTO detectado entre 2351_226/214 y ARG1491 - Estado: VIOLATION
[2026-06-03 23:04:03.511] RESOLVIDO: Conflicto entre 2351_226/214 y ARG1491 finalizado (Separación segura restablecida)
[2026-06-03 23:04:09.082] NUEVO CONFLICTO detectado entre 2351_226/214 y ARG1491 - Estado: VIOLATION
[2026-06-03 23:04:15.096] RESOLVIDO: Conflicto entre 2351_226/214 y ARG1491 finalizado (Separación segura restablecida)
[2026-06-04 08:33:07.358] NUEVO CONFLICTO detectado entre 2375_226/232 y FBZ5480 - Estado: VIOLATION
[2026-06-04 08:33:40.797] RESOLVIDO: Conflicto entre 2375_226/232 y FBZ5480 finalizado (Separación segura restablecida)
[2026-06-04 08:33:42.069] NUEVO CONFLICTO detectado entre 2375_226/232 y FBZ5480 - Estado: VIOLATION
[2026-06-04 08:35:47.035] RESOLVIDO: Conflicto entre 2375_226/232 y FBZ5480 finalizado (Separación segura restablecida)
[2026-06-04 08:38:54.540] NUEVO CONFLICTO detectado entre 2375_226/232 y FBZ5480 - Estado: VIOLATION
[2026-06-04 08:39:09.131] RESOLVIDO: Conflicto entre 2375_226/232 y FBZ5480 finalizado (Separación segura restablecida)
[2026-06-04 08:39:09.749] NUEVO CONFLICTO detectado entre 2375_226/232 y FBZ5480 - Estado: VIOLATION
[2026-06-04 08:39:16.957] RESOLVIDO: Conflicto entre 2375_226/232 y FBZ5480 finalizado (Separación segura restablecida)
[2026-06-04 08:39:17.657] NUEVO CONFLICTO detectado entre 2375_226/232 y FBZ5480 - Estado: VIOLATION
[2026-06-04 08:39:25.280] RESOLVIDO: Conflicto entre 2375_226/232 y FBZ5480 finalizado (Separación segura restablecida)
[2026-06-04 08:39:25.986] NUEVO CONFLICTO detectado entre 2375_226/232 y FBZ5480 - Estado: VIOLATION
[2026-06-04 08:39:33.225] RESOLVIDO: Conflicto entre 2375_226/232 y FBZ5480 finalizado (Separación segura restablecida)
[2026-06-04 08:39:33.899] NUEVO CONFLICTO detectado entre 2375_226/232 y FBZ5480 - Estado: VIOLATION
[2026-06-04 08:39:48.565] RESOLVIDO: Conflicto entre 2375_226/232 y FBZ5480 finalizado (Separación segura restablecida)
[2026-06-04 08:39:49.219] NUEVO CONFLICTO detectado entre 2375_226/232 y FBZ5480 - Estado: VIOLATION
[2026-06-04 08:40:05.897] RESOLVIDO: Conflicto entre 2375_226/232 y FBZ5480 finalizado (Separación segura restablecida)
[2026-06-04 08:40:06.788] NUEVO CONFLICTO detectado entre 2375_226/232 y FBZ5480 - Estado: VIOLATION
[2026-06-04 08:40:52.343] RESOLVIDO: Conflicto entre 2375_226/232 y FBZ5480 finalizado (Separación segura restablecida)
[2026-06-04 14:05:43.754] NUEVO CONFLICTO detectado entre 3236_153/6 y 7277_226/222 - Estado: VIOLATION
[2026-06-04 14:06:17.173] RESOLVIDO: Conflicto entre 3236_153/6 y 7277_226/222 finalizado (Separación segura restablecida)
[2026-06-04 19:55:14.089] NUEVO CONFLICTO detectado entre 2375_226/232 y FBZ5480 - Estado: VIOLATION
[2026-06-04 19:55:41.006] RESOLVIDO: Conflicto entre 2375_226/232 y FBZ5480 finalizado (Separación segura restablecida)
[2026-06-04 19:55:42.260] NUEVO CONFLICTO detectado entre 2375_226/232 y FBZ5480 - Estado: VIOLATION
[2026-06-04 19:55:55.463] RESOLVIDO: Conflicto entre 2375_226/232 y FBZ5480 finalizado (Separación segura restablecida)
[2026-06-04 19:55:56.489] NUEVO CONFLICTO detectado entre 2375_226/232 y FBZ5480 - Estado: VIOLATION
[2026-06-04 19:56:08.365] RESOLVIDO: Conflicto entre 2375_226/232 y FBZ5480 finalizado (Separación segura restablecida)
[2026-06-04 19:56:10.111] NUEVO CONFLICTO detectado entre FBZ5480 y 2375_226/232 - Estado: VIOLATION
[2026-06-04 19:56:21.560] RESOLVIDO: Conflicto entre 2375_226/232 y FBZ5480 finalizado (Separación segura restablecida)
[2026-06-04 19:56:22.384] NUEVO CONFLICTO detectado entre FBZ5480 y 2375_226/232 - Estado: VIOLATION
[2026-06-04 19:56:47.541] RESOLVIDO: Conflicto entre 2375_226/232 y FBZ5480 finalizado (Separación segura restablecida)
[2026-06-04 19:56:48.706] NUEVO CONFLICTO detectado entre FBZ5480 y 2375_226/232 - Estado: VIOLATION
[2026-06-04 19:57:00.891] RESOLVIDO: Conflicto entre 2375_226/232 y FBZ5480 finalizado (Separación segura restablecida)
[2026-06-04 20:00:52.314] NUEVO CONFLICTO detectado entre FBZ5480 y 2375_226/232 - Estado: VIOLATION
[2026-06-04 20:01:06.274] RESOLVIDO: Conflicto entre 2375_226/232 y FBZ5480 finalizado (Separación segura restablecida)
[2026-06-04 20:01:07.073] NUEVO CONFLICTO detectado entre FBZ5480 y 2375_226/232 - Estado: VIOLATION
[2026-06-04 20:01:22.169] RESOLVIDO: Conflicto entre 2375_226/232 y FBZ5480 finalizado (Separación segura restablecida)
[2026-06-04 20:01:23.214] NUEVO CONFLICTO detectado entre FBZ5480 y 2375_226/232 - Estado: VIOLATION
[2026-06-05 08:34:52.660] NUEVO CONFLICTO detectado entre 2375_226/232 y FBZ5480 - Estado: VIOLATION
[2026-06-05 08:35:26.379] RESOLVIDO: Conflicto entre 2375_226/232 y FBZ5480 finalizado (Separación segura restablecida)
[2026-06-05 08:35:27.843] NUEVO CONFLICTO detectado entre 2375_226/232 y FBZ5480 - Estado: VIOLATION
[2026-06-05 08:35:45.051] RESOLVIDO: Conflicto entre 2375_226/232 y FBZ5480 finalizado (Separación segura restablecida)
[2026-06-05 08:35:46.212] NUEVO CONFLICTO detectado entre 2375_226/232 y FBZ5480 - Estado: VIOLATION
[2026-06-05 08:36:01.452] RESOLVIDO: Conflicto entre 2375_226/232 y FBZ5480 finalizado (Separación segura restablecida)
[2026-06-05 08:36:03.899] NUEVO CONFLICTO detectado entre FBZ5480 y 2375_226/232 - Estado: VIOLATION
[2026-06-05 08:36:21.600] RESOLVIDO: Conflicto entre 2375_226/232 y FBZ5480 finalizado (Separación segura restablecida)
[2026-06-05 08:36:23.012] NUEVO CONFLICTO detectado entre FBZ5480 y 2375_226/232 - Estado: VIOLATION
[2026-06-05 08:37:06.080] RESOLVIDO: Conflicto entre 2375_226/232 y FBZ5480 finalizado (Separación segura restablecida)
[2026-06-05 22:30:12.397] NUEVO CONFLICTO detectado entre 2375_226/232 y FBZ5480 - Estado: VIOLATION
[2026-06-05 22:30:57.983] RESOLVIDO: Conflicto entre 2375_226/232 y FBZ5480 finalizado (Separación segura restablecida)
[2026-06-05 22:30:59.954] NUEVO CONFLICTO detectado entre 2375_226/232 y FBZ5480 - Estado: VIOLATION
[2026-06-05 22:31:05.811] RESOLVIDO: Conflicto entre 2375_226/232 y FBZ5480 finalizado (Separación segura restablecida)
[2026-06-05 23:08:05.609] NUEVO CONFLICTO detectado entre 2375_226/232 y FBZ5480 - Estado: VIOLATION
[2026-06-05 23:08:40.210] RESOLVIDO: Conflicto entre 2375_226/232 y FBZ5480 finalizado (Separación segura restablecida)
[2026-06-05 23:08:41.074] NUEVO CONFLICTO detectado entre 2375_226/232 y FBZ5480 - Estado: VIOLATION
[2026-06-05 23:08:49.125] RESOLVIDO: Conflicto entre 2375_226/232 y FBZ5480 finalizado (Separación segura restablecida)
[2026-06-05 23:08:51.966] NUEVO CONFLICTO detectado entre FBZ5480 y 2375_226/232 - Estado: VIOLATION
[2026-06-05 23:09:02.195] RESOLVIDO: Conflicto entre 2375_226/232 y FBZ5480 finalizado (Separación segura restablecida)
[2026-06-05 23:09:02.941] NUEVO CONFLICTO detectado entre FBZ5480 y 2375_226/232 - Estado: VIOLATION
[2026-06-05 23:09:02.955] RESOLVIDO: Conflicto entre 2375_226/232 y E0B147 finalizado (Separación segura restablecida)
[2026-06-06 15:21:58.387] NUEVO CONFLICTO detectado entre 2375_226/232 y FBZ5480 - Estado: VIOLATION
[2026-06-06 15:22:54.184] RESOLVIDO: Conflicto entre 2375_226/232 y FBZ5480 finalizado (Separación segura restablecida)
[2026-06-06 15:22:56.673] NUEVO CONFLICTO detectado entre FBZ5480 y 2375_226/232 - Estado: VIOLATION
[2026-06-06 15:22:57.359] RESOLVIDO: Conflicto entre 2375_226/232 y FBZ5480 finalizado (Separación segura restablecida)
[2026-06-06 15:22:58.586] NUEVO CONFLICTO detectado entre FBZ5480 y 2375_226/232 - Estado: VIOLATION
[2026-06-06 15:23:18.573] RESOLVIDO: Conflicto entre 2375_226/232 y FBZ5480 finalizado (Separación segura restablecida)
[2026-06-06 15:27:21.537] NUEVO CONFLICTO detectado entre 2351_226/214 y ARG1491 - Estado: VIOLATION
[2026-06-06 15:27:34.666] RESOLVIDO: Conflicto entre 2351_226/214 y ARG1491 finalizado (Separación segura restablecida)
[2026-06-06 16:27:18.977] NUEVO CONFLICTO detectado entre 2375_226/232 y FBZ5480 - Estado: VIOLATION
[2026-06-06 16:27:48.626] RESOLVIDO: Conflicto entre 2375_226/232 y FBZ5480 finalizado (Separación segura restablecida)
[2026-06-06 16:27:49.865] NUEVO CONFLICTO detectado entre 2375_226/232 y FBZ5480 - Estado: VIOLATION
[2026-06-06 16:27:50.095] RESOLVIDO: Conflicto entre 2375_226/232 y FBZ5480 finalizado (Separación segura restablecida)
[2026-06-06 22:47:58.785] NUEVO CONFLICTO detectado entre 2375_226/232 y FBZ5480 - Estado: VIOLATION
[2026-06-06 22:48:19.213] RESOLVIDO: Conflicto entre 2375_226/232 y FBZ5480 finalizado (Separación segura restablecida)
[2026-06-06 22:48:19.802] NUEVO CONFLICTO detectado entre 2375_226/232 y FBZ5480 - Estado: VIOLATION
[2026-06-07 00:05:40.915] NUEVO CONFLICTO detectado entre FBZ5480 y 2375_226/232 - Estado: VIOLATION
[2026-06-07 00:05:48.242] NUEVO CONFLICTO detectado entre FBZ5211 y 2023_226/213 - Estado: VIOLATION
[2026-06-07 00:05:48.243] NUEVO CONFLICTO detectado entre 1622_226/203 y ARG1494 - Estado: VIOLATION
[2026-06-07 00:05:48.243] NUEVO CONFLICTO detectado entre 1572_226/212 y FBZ5180 - Estado: VIOLATION
[2026-06-07 00:05:48.244] NUEVO CONFLICTO detectado entre 0423_226/212 y LNE1436 - Estado: VIOLATION
[2026-06-07 00:05:48.287] RESOLVIDO: Conflicto entre 2023_226/213 y FBZ5211 finalizado (Separación segura restablecida)
[2026-06-07 00:05:48.288] RESOLVIDO: Conflicto entre 0423_226/212 y LNE1436 finalizado (Separación segura restablecida)
[2026-06-07 00:05:48.289] RESOLVIDO: Conflicto entre 1572_226/212 y FBZ5180 finalizado (Separación segura restablecida)
[2026-06-07 00:05:52.061] RESOLVIDO: Conflicto entre 1622_226/203 y E07582 finalizado (Separación segura restablecida)
[2026-06-07 00:05:52.062] RESOLVIDO: Conflicto entre 2375_226/232 y E0B147 finalizado (Separación segura restablecida)
[2026-06-07 11:50:04.664] NUEVO CONFLICTO detectado entre 2375_226/232 y FBZ5480 - Estado: VIOLATION
[2026-06-07 11:51:08.278] RESOLVIDO: Conflicto entre 2375_226/232 y FBZ5480 finalizado (Separación segura restablecida)
[2026-06-07 11:51:11.496] NUEVO CONFLICTO detectado entre 2375_226/232 y FBZ5480 - Estado: VIOLATION
[2026-06-07 11:51:34.455] RESOLVIDO: Conflicto entre 2375_226/232 y FBZ5480 finalizado (Separación segura restablecida)
[2026-06-07 11:51:36.864] NUEVO CONFLICTO detectado entre 2375_226/232 y FBZ5480 - Estado: VIOLATION
[2026-06-07 12:10:23.167] NUEVO CONFLICTO detectado entre 1744_226/210 y PSR_226_210_156.25_124 - Estado: VIOLATION
[2026-06-07 12:10:26.783] RESOLVIDO: Conflicto entre 1744_226/210 y PSR_226_210_156.25_124 finalizado (Separación segura restablecida)
[2026-06-07 12:10:27.931] NUEVO CONFLICTO detectado entre 5222_226/210 y PSR_226_210_209.50_190 - Estado: VIOLATION
[2026-06-07 12:10:28.105] NUEVO CONFLICTO detectado entre 5224_226/210 y PSR_226_210_160.50_231 - Estado: VIOLATION
[2026-06-07 12:10:34.691] NUEVO CONFLICTO detectado entre PSR_226_210_156.25_124 y PSR_226_210_155.00_125 - Estado: VIOLATION
[2026-06-07 12:10:39.214] NUEVO CONFLICTO detectado entre 5215_226/210 y PSR_226_210_227.50_163 - Estado: VIOLATION
[2026-06-07 12:10:53.914] RESOLVIDO: Conflicto entre PSR_226_210_155.00_125 y PSR_226_210_156.25_124 finalizado (Separación segura restablecida)
[2026-06-07 12:10:58.582] RESOLVIDO: Conflicto entre 5222_226/210 y PSR_226_210_209.50_190 finalizado (Separación segura restablecida)
[2026-06-07 12:10:58.584] RESOLVIDO: Conflicto entre 5224_226/210 y PSR_226_210_160.50_231 finalizado (Separación segura restablecida)
[2026-06-07 12:11:05.537] RESOLVIDO: Conflicto entre 5215_226/210 y PSR_226_210_227.50_163 finalizado (Separación segura restablecida)
[2026-06-07 12:11:10.653] NUEVO CONFLICTO detectado entre 5222_226/210 y PSR_226_210_209.00_189 - Estado: VIOLATION
[2026-06-07 12:11:19.542] NUEVO CONFLICTO detectado entre 3734_226/210 y PSR_226_210_75.75_247 - Estado: VIOLATION
[2026-06-07 12:11:41.981] RESOLVIDO: Conflicto entre 5222_226/210 y PSR_226_210_209.00_189 finalizado (Separación segura restablecida)
[2026-06-07 12:11:49.844] RESOLVIDO: Conflicto entre 3734_226/210 y PSR_226_210_75.75_247 finalizado (Separación segura restablecida)
[2026-06-07 12:13:01.088] NUEVO CONFLICTO detectado entre 5222_226/210 y PSR_226_210_209.00_185 - Estado: VIOLATION
[2026-06-07 12:13:08.261] NUEVO CONFLICTO detectado entre 1744_226/210 y PSR_226_210_140.00_127 - Estado: VIOLATION
[2026-06-07 12:13:32.517] RESOLVIDO: Conflicto entre 5222_226/210 y PSR_226_210_209.00_185 finalizado (Separación segura restablecida)
[2026-06-07 12:13:40.193] RESOLVIDO: Conflicto entre 1744_226/210 y PSR_226_210_140.00_127 finalizado (Separación segura restablecida)
[2026-06-07 12:16:00.775] NUEVO CONFLICTO detectado entre 5222_226/210 y PSR_226_210_210.50_178 - Estado: VIOLATION
[2026-06-07 12:16:33.396] RESOLVIDO: Conflicto entre 5222_226/210 y PSR_226_210_210.50_178 finalizado (Separación segura restablecida)
[2026-06-07 12:16:41.093] NUEVO CONFLICTO detectado entre 5215_226/210 y PSR_226_210_251.25_152 - Estado: VIOLATION
[2026-06-07 12:16:49.237] NUEVO CONFLICTO detectado entre 5215_226/210 y PSR_226_210_252.00_152 - Estado: VIOLATION
[2026-06-07 12:16:49.238] NUEVO CONFLICTO detectado entre PSR_226_210_251.25_152 y PSR_226_210_252.00_152 - Estado: VIOLATION
[2026-06-07 12:17:13.295] RESOLVIDO: Conflicto entre 5215_226/210 y PSR_226_210_251.25_152 finalizado (Separación segura restablecida)
[2026-06-07 12:17:13.296] RESOLVIDO: Conflicto entre PSR_226_210_251.25_152 y PSR_226_210_252.00_152 finalizado (Separación segura restablecida)
[2026-06-07 12:17:21.005] RESOLVIDO: Conflicto entre 5215_226/210 y PSR_226_210_252.00_152 finalizado (Separación segura restablecida)
[2026-06-07 12:18:14.689] NUEVO CONFLICTO detectado entre 1661_226/210 y PSR_226_210_81.00_105 - Estado: VIOLATION
[2026-06-07 12:18:27.225] NUEVO CONFLICTO detectado entre 5222_226/210 y PSR_226_210_213.75_174 - Estado: VIOLATION
[2026-06-07 12:19:10.417] NUEVO CONFLICTO detectado entre 1744_226/210 y PSR_226_210_156.25_124 - Estado: VIOLATION
[2026-06-07 12:19:13.602] RESOLVIDO: Conflicto entre 1744_226/210 y PSR_226_210_156.25_124 finalizado (Separación segura restablecida)
[2026-06-07 12:19:14.579] NUEVO CONFLICTO detectado entre 5222_226/210 y PSR_226_210_209.50_190 - Estado: VIOLATION
[2026-06-07 12:19:14.926] NUEVO CONFLICTO detectado entre 5224_226/210 y PSR_226_210_160.50_231 - Estado: VIOLATION
[2026-06-07 12:19:21.505] NUEVO CONFLICTO detectado entre PSR_226_210_156.25_124 y PSR_226_210_155.00_125 - Estado: VIOLATION
[2026-06-07 12:19:25.843] NUEVO CONFLICTO detectado entre 5215_226/210 y PSR_226_210_227.50_163 - Estado: VIOLATION
[2026-06-07 12:19:40.938] RESOLVIDO: Conflicto entre PSR_226_210_155.00_125 y PSR_226_210_156.25_124 finalizado (Separación segura restablecida)
[2026-06-07 12:19:44.571] RESOLVIDO: Conflicto entre 5215_226/210 y PSR_226_210_227.50_163 finalizado (Separación segura restablecida)
[2026-06-07 12:19:44.572] RESOLVIDO: Conflicto entre 5222_226/210 y PSR_226_210_209.50_190 finalizado (Separación segura restablecida)
[2026-06-07 12:19:44.572] RESOLVIDO: Conflicto entre 5224_226/210 y PSR_226_210_160.50_231 finalizado (Separación segura restablecida)
[2026-06-07 12:19:57.770] NUEVO CONFLICTO detectado entre 5222_226/210 y PSR_226_210_209.00_189 - Estado: VIOLATION
[2026-06-07 12:20:01.986] RESOLVIDO: Conflicto entre 5222_226/210 y PSR_226_210_209.00_189 finalizado (Separación segura restablecida)
[2026-06-07 12:20:09.763] NUEVO CONFLICTO detectado entre PSR_226_210_75.75_247 y 3734_226/210 - Estado: VIOLATION
[2026-06-07 12:20:36.533] RESOLVIDO: Conflicto entre 3734_226/210 y PSR_226_210_75.75_247 finalizado (Separación segura restablecida)
[2026-06-07 12:21:46.585] NUEVO CONFLICTO detectado entre 5222_226/210 y PSR_226_210_209.00_185 - Estado: VIOLATION
[2026-06-07 12:21:53.646] NUEVO CONFLICTO detectado entre 1744_226/210 y PSR_226_210_140.00_127 - Estado: VIOLATION
[2026-06-07 12:22:18.121] RESOLVIDO: Conflicto entre 5222_226/210 y PSR_226_210_209.00_185 finalizado (Separación segura restablecida)
[2026-06-07 12:22:25.655] RESOLVIDO: Conflicto entre 1744_226/210 y PSR_226_210_140.00_127 finalizado (Separación segura restablecida)
[2026-06-07 12:24:45.722] NUEVO CONFLICTO detectado entre 5222_226/210 y PSR_226_210_210.50_178 - Estado: VIOLATION
[2026-06-07 12:25:15.496] RESOLVIDO: Conflicto entre 5222_226/210 y PSR_226_210_210.50_178 finalizado (Separación segura restablecida)
[2026-06-07 12:25:23.548] NUEVO CONFLICTO detectado entre 5215_226/210 y PSR_226_210_251.25_152 - Estado: VIOLATION
[2026-06-07 12:25:31.116] NUEVO CONFLICTO detectado entre 5215_226/210 y PSR_226_210_252.00_152 - Estado: VIOLATION
[2026-06-07 12:25:31.118] NUEVO CONFLICTO detectado entre PSR_226_210_251.25_152 y PSR_226_210_252.00_152 - Estado: VIOLATION
[2026-06-07 12:25:54.482] RESOLVIDO: Conflicto entre PSR_226_210_251.25_152 y PSR_226_210_252.00_152 finalizado (Separación segura restablecida)
[2026-06-07 12:25:54.482] RESOLVIDO: Conflicto entre 5215_226/210 y PSR_226_210_251.25_152 finalizado (Separación segura restablecida)
[2026-06-07 12:26:02.475] RESOLVIDO: Conflicto entre 5215_226/210 y PSR_226_210_252.00_152 finalizado (Separación segura restablecida)
[2026-06-07 12:26:58.551] NUEVO CONFLICTO detectado entre 1661_226/210 y PSR_226_210_81.00_105 - Estado: VIOLATION
[2026-06-07 12:27:11.809] NUEVO CONFLICTO detectado entre 5222_226/210 y PSR_226_210_213.75_174 - Estado: VIOLATION
[2026-06-07 12:27:30.479] RESOLVIDO: Conflicto entre 1661_226/210 y PSR_226_210_81.00_105 finalizado (Separación segura restablecida)
[2026-06-07 12:27:42.851] RESOLVIDO: Conflicto entre 5222_226/210 y PSR_226_210_213.75_174 finalizado (Separación segura restablecida)
[2026-06-07 12:27:55.319] NUEVO CONFLICTO detectado entre 1744_226/210 y PSR_226_210_106.75_136 - Estado: VIOLATION
[2026-06-07 12:28:08.077] NUEVO CONFLICTO detectado entre 5222_226/210 y PSR_226_210_215.50_172 - Estado: VIOLATION
[2026-06-07 12:28:19.334] NUEVO CONFLICTO detectado entre 0464_226/210 y PSR_226_210_246.75_104 - Estado: VIOLATION
[2026-06-07 12:28:27.208] RESOLVIDO: Conflicto entre 1744_226/210 y PSR_226_210_106.75_136 finalizado (Separación segura restablecida)
[2026-06-07 12:28:28.563] NUEVO CONFLICTO detectado entre 5222_226/210 y PSR_226_210_216.25_171 - Estado: VIOLATION
[2026-06-07 12:28:28.564] NUEVO CONFLICTO detectado entre PSR_226_210_215.50_172 y PSR_226_210_216.25_171 - Estado: VIOLATION
[2026-06-07 12:28:39.772] RESOLVIDO: Conflicto entre 5222_226/210 y PSR_226_210_215.50_172 finalizado (Separación segura restablecida)
[2026-06-07 12:28:39.773] RESOLVIDO: Conflicto entre PSR_226_210_215.50_172 y PSR_226_210_216.25_171 finalizado (Separación segura restablecida)
[2026-06-07 12:28:51.431] RESOLVIDO: Conflicto entre 0464_226/210 y PSR_226_210_246.75_104 finalizado (Separación segura restablecida)
[2026-06-07 12:28:59.971] RESOLVIDO: Conflicto entre 5222_226/210 y PSR_226_210_216.25_171 finalizado (Separación segura restablecida)
[2026-06-07 12:29:32.078] NUEVO CONFLICTO detectado entre 0464_226/210 y PSR_226_210_243.00_102 - Estado: VIOLATION
[2026-06-07 12:30:04.237] RESOLVIDO: Conflicto entre 0464_226/210 y PSR_226_210_243.00_102 finalizado (Separación segura restablecida)
[2026-06-07 12:30:14.006] NUEVO CONFLICTO detectado entre 3734_226/210 y PSR_226_210_137.50_248 - Estado: VIOLATION
[2026-06-07 12:30:25.777] NUEVO CONFLICTO detectado entre 5222_226/210 y PSR_226_210_220.50_167 - Estado: VIOLATION
[2026-06-07 12:30:41.937] RESOLVIDO: Conflicto entre 3734_226/210 y PSR_226_210_137.50_248 finalizado (Separación segura restablecida)
[2026-06-07 12:30:46.559] NUEVO CONFLICTO detectado entre 5222_226/210 y PSR_226_210_221.50_167 - Estado: VIOLATION
[2026-06-07 12:30:46.560] NUEVO CONFLICTO detectado entre PSR_226_210_220.50_167 y PSR_226_210_221.50_167 - Estado: VIOLATION
[2026-06-07 12:30:56.856] RESOLVIDO: Conflicto entre PSR_226_210_220.50_167 y PSR_226_210_221.50_167 finalizado (Separación segura restablecida)
[2026-06-07 12:30:56.857] RESOLVIDO: Conflicto entre 5222_226/210 y PSR_226_210_220.50_167 finalizado (Separación segura restablecida)
[2026-06-07 12:31:17.429] RESOLVIDO: Conflicto entre 5222_226/210 y PSR_226_210_221.50_167 finalizado (Separación segura restablecida)
[2026-06-07 12:31:24.617] NUEVO CONFLICTO detectado entre 0464_226/210 y PSR_226_210_238.50_100 - Estado: VIOLATION
[2026-06-07 12:31:40.583] RESOLVIDO: Conflicto entre 0464_226/210 y PSR_226_210_238.50_100 finalizado (Separación segura restablecida)
[2026-06-07 12:31:41.007] NUEVO CONFLICTO detectado entre 0464_226/210 y PSR_226_210_237.00_099 - Estado: VIOLATION
[2026-06-07 12:31:53.738] NUEVO CONFLICTO detectado entre 5222_226/210 y PSR_226_210_224.50_164 - Estado: VIOLATION
[2026-06-07 12:32:06.196] NUEVO CONFLICTO detectado entre 5222_226/210 y PSR_226_210_225.00_164 - Estado: VIOLATION
[2026-06-07 12:32:06.198] NUEVO CONFLICTO detectado entre PSR_226_210_224.50_164 y PSR_226_210_225.00_164 - Estado: VIOLATION
[2026-06-07 12:32:13.368] RESOLVIDO: Conflicto entre 0464_226/210 y PSR_226_210_237.00_099 finalizado (Separación segura restablecida)
[2026-06-07 12:41:28.538] NUEVO CONFLICTO detectado entre 1744_226/210 y PSR_226_210_156.25_124 - Estado: VIOLATION
[2026-06-07 12:41:32.244] RESOLVIDO: Conflicto entre 1744_226/210 y PSR_226_210_156.25_124 finalizado (Separación segura restablecida)
[2026-06-07 12:41:33.377] NUEVO CONFLICTO detectado entre 5222_226/210 y PSR_226_210_209.50_190 - Estado: VIOLATION
[2026-06-07 12:41:33.519] NUEVO CONFLICTO detectado entre 5224_226/210 y PSR_226_210_160.50_231 - Estado: VIOLATION
[2026-06-07 12:41:40.218] NUEVO CONFLICTO detectado entre PSR_226_210_156.25_124 y PSR_226_210_155.00_125 - Estado: VIOLATION
[2026-06-07 12:41:44.884] NUEVO CONFLICTO detectado entre 5215_226/210 y PSR_226_210_227.50_163 - Estado: VIOLATION
[2026-06-07 12:42:00.173] RESOLVIDO: Conflicto entre PSR_226_210_155.00_125 y PSR_226_210_156.25_124 finalizado (Separación segura restablecida)
[2026-06-07 12:42:05.117] RESOLVIDO: Conflicto entre 5222_226/210 y PSR_226_210_209.50_190 finalizado (Separación segura restablecida)
[2026-06-07 12:42:05.119] RESOLVIDO: Conflicto entre 5224_226/210 y PSR_226_210_160.50_231 finalizado (Separación segura restablecida)
[2026-06-07 12:42:12.498] RESOLVIDO: Conflicto entre 5215_226/210 y PSR_226_210_227.50_163 finalizado (Separación segura restablecida)
[2026-06-07 12:42:18.004] NUEVO CONFLICTO detectado entre 5222_226/210 y PSR_226_210_209.00_189 - Estado: VIOLATION
[2026-06-07 12:42:26.776] NUEVO CONFLICTO detectado entre 3734_226/210 y PSR_226_210_75.75_247 - Estado: VIOLATION
[2026-06-07 12:42:50.480] RESOLVIDO: Conflicto entre 5222_226/210 y PSR_226_210_209.00_189 finalizado (Separación segura restablecida)
[2026-06-07 12:42:58.421] RESOLVIDO: Conflicto entre 3734_226/210 y PSR_226_210_75.75_247 finalizado (Separación segura restablecida)
[2026-06-07 16:14:56.545] NUEVO CONFLICTO detectado entre 2375_226/232 y FBZ5480 - Estado: VIOLATION
[2026-06-07 16:15:31.109] RESOLVIDO: Conflicto entre 2375_226/232 y FBZ5480 finalizado (Separación segura restablecida)
[2026-06-07 16:15:32.589] NUEVO CONFLICTO detectado entre 2375_226/232 y FBZ5480 - Estado: VIOLATION
[2026-06-07 16:15:50.450] NUEVO CONFLICTO detectado entre 1622_226/203 y ARG1494 - Estado: VIOLATION
[2026-06-07 16:15:50.451] NUEVO CONFLICTO detectado entre FBZ5480 y 2375_226/214 - Estado: VIOLATION
[2026-06-07 16:15:50.451] RESOLVIDO: Conflicto entre 2375_226/232 y FBZ5480 finalizado (Separación segura restablecida)
[2026-06-07 16:15:52.791] RESOLVIDO: Conflicto entre 1622_226/203 y E07582 finalizado (Separación segura restablecida)
[2026-06-07 16:15:52.792] RESOLVIDO: Conflicto entre 2375_226/214 y E0B147 finalizado (Separación segura restablecida)
[2026-06-07 17:12:47.402] NUEVO CONFLICTO detectado entre TRK_1336_226/2 y TRK_1162_226/2 - Estado: VIOLATION
[2026-06-07 17:12:48.856] RESOLVIDO: Conflicto entre TRK_1162_226/2 y TRK_1336_226/2 finalizado (Separación segura restablecida)
[2026-06-07 17:12:49.251] NUEVO CONFLICTO detectado entre TRK_835_226/2 y TRK_1017_226/2 - Estado: VIOLATION
[2026-06-07 17:13:23.753] RESOLVIDO: Conflicto entre TRK_1017_226/2 y TRK_835_226/2 finalizado (Separación segura restablecida)
[2026-06-07 17:16:25.031] NUEVO CONFLICTO detectado entre TRK_835_226/2 y TRK_852_226/2 - Estado: VIOLATION
[2026-06-07 17:16:42.276] NUEVO CONFLICTO detectado entre TRK_1336_226/2 y TRK_1162_226/2 - Estado: VIOLATION
[2026-06-07 17:16:43.780] RESOLVIDO: Conflicto entre TRK_1162_226/2 y TRK_1336_226/2 finalizado (Separación segura restablecida)
[2026-06-07 17:17:14.289] RESOLVIDO: Conflicto entre TRK_835_226/2 y TRK_852_226/2 finalizado (Separación segura restablecida)
[2026-06-07 17:20:13.967] NUEVO CONFLICTO detectado entre 2375_226/232 y FBZ5480 - Estado: VIOLATION
[2026-06-07 17:20:15.778] RESOLVIDO: Conflicto entre 2375_226/232 y FBZ5480 finalizado (Separación segura restablecida)
[2026-06-07 17:20:16.067] NUEVO CONFLICTO detectado entre 2375_226/232 y FBZ5480 - Estado: VIOLATION
[2026-06-07 17:20:24.852] RESOLVIDO: Conflicto entre 2375_226/232 y FBZ5480 finalizado (Separación segura restablecida)
[2026-06-07 17:20:25.450] NUEVO CONFLICTO detectado entre 2375_226/232 y FBZ5480 - Estado: VIOLATION
[2026-06-07 17:20:28.983] RESOLVIDO: Conflicto entre 2375_226/232 y FBZ5480 finalizado (Separación segura restablecida)
[2026-06-07 17:20:33.533] NUEVO CONFLICTO detectado entre 2375_226/232 y FBZ5480 - Estado: VIOLATION
[2026-06-07 17:20:36.610] RESOLVIDO: Conflicto entre 2375_226/232 y FBZ5480 finalizado (Separación segura restablecida)
[2026-06-07 17:20:41.005] NUEVO CONFLICTO detectado entre 2375_226/232 y FBZ5480 - Estado: VIOLATION
[2026-06-07 17:20:42.717] RESOLVIDO: Conflicto entre 2375_226/232 y FBZ5480 finalizado (Separación segura restablecida)
[2026-06-07 17:20:42.785] NUEVO CONFLICTO detectado entre 2375_226/232 y FBZ5480 - Estado: VIOLATION
[2026-06-07 17:20:43.569] RESOLVIDO: Conflicto entre 2375_226/232 y FBZ5480 finalizado (Separación segura restablecida)
[2026-06-07 17:26:42.343] NUEVO CONFLICTO detectado entre JES3073 y ARG1420 - Estado: VIOLATION
[2026-06-07 17:26:46.111] RESOLVIDO: Conflicto entre ARG1420 y JES3073 finalizado (Separación segura restablecida)
[2026-06-07 17:26:56.807] NUEVO CONFLICTO detectado entre E8061F y E49220 - Estado: VIOLATION
[2026-06-07 17:26:57.635] RESOLVIDO: Conflicto entre E49220 y E8061F finalizado (Separación segura restablecida)
[2026-06-07 18:11:33.719] NUEVO CONFLICTO detectado entre ARG1420 y 2052_226/205 - Estado: VIOLATION
[2026-06-07 18:11:37.423] RESOLVIDO: Conflicto entre 2052_226/205 y ARG1420 finalizado (Separación segura restablecida)
[2026-06-07 18:11:47.365] NUEVO CONFLICTO detectado entre 1717_226/206 y ARG1884 - Estado: VIOLATION
[2026-06-07 18:11:53.045] RESOLVIDO: Conflicto entre 1717_226/206 y ARG1884 finalizado (Separación segura restablecida)
[2026-06-07 18:12:12.453] NUEVO CONFLICTO detectado entre 1717_226/206 y ARG1884 - Estado: VIOLATION
[2026-06-07 18:12:26.207] RESOLVIDO: Conflicto entre 1717_226/206 y ARG1884 finalizado (Separación segura restablecida)
[2026-06-07 18:12:44.802] NUEVO CONFLICTO detectado entre 1717_226/206 y ARG1884 - Estado: VIOLATION
[2026-06-07 18:17:01.628] NUEVO CONFLICTO detectado entre 2351_226/214 y ARG1491 - Estado: VIOLATION
[2026-06-07 18:17:04.508] RESOLVIDO: Conflicto entre 2351_226/214 y ARG1491 finalizado (Separación segura restablecida)
[2026-06-07 18:17:07.145] NUEVO CONFLICTO detectado entre 2351_226/214 y ARG1491 - Estado: VIOLATION
[2026-06-07 18:17:10.426] RESOLVIDO: Conflicto entre 2351_226/214 y ARG1491 finalizado (Separación segura restablecida)
[2026-06-07 18:17:13.840] NUEVO CONFLICTO detectado entre 2351_226/214 y ARG1491 - Estado: VIOLATION
[2026-06-07 18:17:16.973] RESOLVIDO: Conflicto entre 2351_226/214 y ARG1491 finalizado (Separación segura restablecida)
[2026-06-07 18:17:20.873] NUEVO CONFLICTO detectado entre 2351_226/214 y ARG1491 - Estado: VIOLATION
[2026-06-07 18:17:24.348] RESOLVIDO: Conflicto entre 2351_226/214 y ARG1491 finalizado (Separación segura restablecida)
[2026-06-07 21:11:03.502] NUEVO CONFLICTO detectado entre 2375_226/232 y FBZ5480 - Estado: VIOLATION
[2026-06-07 21:11:37.873] RESOLVIDO: Conflicto entre 2375_226/232 y E0B147 finalizado (Separación segura restablecida)
[2026-06-07 21:11:56.401] NUEVO CONFLICTO detectado entre LAN762 y 5234_226/213 - Estado: VIOLATION
[2026-06-07 21:11:56.403] NUEVO CONFLICTO detectado entre DAL101 y 2527_226/210 - Estado: VIOLATION
[2026-06-07 21:11:56.406] NUEVO CONFLICTO detectado entre ARG1494 y 1622_226/210 - Estado: VIOLATION
[2026-06-07 21:12:00.560] NUEVO CONFLICTO detectado entre AAL931 y 2341_153/6 - Estado: VIOLATION
[2026-06-07 21:12:02.213] RESOLVIDO: Conflicto entre 2527_226/210 y A4C703 finalizado (Separación segura restablecida)
[2026-06-07 21:12:02.214] RESOLVIDO: Conflicto entre 1622_226/210 y E07582 finalizado (Separación segura restablecida)
[2026-06-07 21:12:02.214] RESOLVIDO: Conflicto entre 2341_153/6 y A9C151 finalizado (Separación segura restablecida)
[2026-06-07 21:12:02.215] RESOLVIDO: Conflicto entre 5234_226/213 y E80455 finalizado (Separación segura restablecida)
[2026-06-07 21:12:08.033] NUEVO CONFLICTO detectado entre LAN762 y 5234_226/212 - Estado: VIOLATION
[2026-06-07 21:12:09.106] NUEVO CONFLICTO detectado entre FBZ5480 y 2375_226/232 - Estado: VIOLATION
[2026-06-07 21:12:31.579] RESOLVIDO: Conflicto entre 2375_226/232 y FBZ5480 finalizado (Separación segura restablecida)
[2026-06-07 21:12:33.575] NUEVO CONFLICTO detectado entre FBZ5480 y 2375_226/232 - Estado: VIOLATION
[2026-06-07 21:12:57.505] RESOLVIDO: Conflicto entre 2375_226/232 y FBZ5480 finalizado (Separación segura restablecida)
[2026-06-07 21:12:59.292] NUEVO CONFLICTO detectado entre FBZ5480 y 2375_226/232 - Estado: VIOLATION
[2026-06-07 21:13:45.610] RESOLVIDO: Conflicto entre 2375_226/232 y FBZ5480 finalizado (Separación segura restablecida)
[2026-06-07 21:13:47.574] NUEVO CONFLICTO detectado entre FBZ5480 y 2375_226/232 - Estado: VIOLATION
[2026-06-07 21:13:53.536] RESOLVIDO: Conflicto entre 5234_226/212 y E80455 finalizado (Separación segura restablecida)
[2026-06-07 21:13:53.538] RESOLVIDO: Conflicto entre 2375_226/232 y E0B147 finalizado (Separación segura restablecida)
[2026-06-07 21:26:49.033] NUEVO CONFLICTO detectado entre 0420_226/203 y FBZ5850 - Estado: VIOLATION
[2026-06-07 21:26:49.034] NUEVO CONFLICTO detectado entre 1622_226/203 y ARG1494 - Estado: VIOLATION
[2026-06-07 21:26:52.235] RESOLVIDO: Conflicto entre 0420_226/203 y E0B146 finalizado (Separación segura restablecida)
[2026-06-07 21:26:52.236] RESOLVIDO: Conflicto entre 1622_226/203 y E07582 finalizado (Separación segura restablecida)
